<?xml version="1.0" encoding="UTF-8"?>
<testsuite xmlns:xsi="http://www.w3.org/2001/XMLSchema-instance" xsi:noNamespaceSchemaLocation="https://maven.apache.org/surefire/maven-surefire-plugin/xsd/surefire-test-report-3.0.xsd" version="3.0" name="com.rev.app.integration.EmployeeIntegrationTest" time="28.616" tests="7" errors="0" skipped="0" failures="0">
  <properties>
[...]
</properties>
  <testcase name="testAdminCanCreateEmployee" classname="com.rev.app.integration.EmployeeIntegrationTest" time="4.175">
    <system-out><![CDATA[00:30:35.690 [main] INFO org.springframework.test.context.support.AnnotationConfigContextLoaderUtils -- Could not detect default configuration classes for test class [com.rev.app.repository.GoalRepositoryTest]: GoalRepositoryTest does not declare any static, non-private, non-final, nested classes annotated with @Configuration.
00:30:36.108 [main] INFO org.springframework.boot.test.context.SpringBootTestContextBootstrapper -- Found @SpringBootConfiguration com.rev.app.RevWorkforceApplication for test class com.rev.app.repository.GoalRepositoryTest
00:30:36.213 [main] INFO org.springframework.test.context.support.AnnotationConfigContextLoaderUtils -- Could not detect default configuration classes for test class [com.rev.app.repository.LeaveBalanceRepositoryTest]: LeaveBalanceRepositoryTest does not declare any static, non-private, non-final, nested classes annotated with @Configuration.
00:30:36.253 [main] INFO org.springframework.boot.test.context.SpringBootTestContextBootstrapper -- Found @SpringBootConfiguration com.rev.app.RevWorkforceApplication for test class com.rev.app.repository.LeaveBalanceRepositoryTest
00:30:36.268 [main] INFO org.springframework.test.context.support.AnnotationConfigContextLoaderUtils -- Could not detect default configuration classes for test class [com.rev.app.repository.PerformanceReviewRepositoryTest]: PerformanceReviewRepositoryTest does not declare any static, non-private, non-final, nested classes annotated with @Configuration.
00:30:36.312 [main] INFO org.springframework.boot.test.context.SpringBootTestContextBootstrapper -- Found @SpringBootConfiguration com.rev.app.RevWorkforceApplication for test class com.rev.app.repository.PerformanceReviewRepositoryTest
00:30:36.521 [main] INFO org.springframework.test.context.support.AnnotationConfigContextLoaderUtils -- Could not detect default configuration classes for test class [com.rev.app.repository.GoalRepositoryTest]: GoalRepositoryTest does not declare any static, non-private, non-final, nested classes annotated with @Configuration.
00:30:36.562 [main] INFO org.springframework.boot.test.context.SpringBootTestContextBootstrapper -- Found @SpringBootConfiguration com.rev.app.RevWorkforceApplication for test class com.rev.app.repository.GoalRepositoryTest
00:30:36.567 [main] INFO org.springframework.test.context.support.AnnotationConfigContextLoaderUtils -- Could not detect default configuration classes for test class [com.rev.app.repository.LeaveBalanceRepositoryTest]: LeaveBalanceRepositoryTest does not declare any static, non-private, non-final, nested classes annotated with @Configuration.
00:30:36.614 [main] INFO org.springframework.boot.test.context.SpringBootTestContextBootstrapper -- Found @SpringBootConfiguration com.rev.app.RevWorkforceApplication for test class com.rev.app.repository.LeaveBalanceRepositoryTest
00:30:36.619 [main] INFO org.springframework.test.context.support.AnnotationConfigContextLoaderUtils -- Could not detect default configuration classes for test class [com.rev.app.repository.PerformanceReviewRepositoryTest]: PerformanceReviewRepositoryTest does not declare any static, non-private, non-final, nested classes annotated with @Configuration.
00:30:36.656 [main] INFO org.springframework.boot.test.context.SpringBootTestContextBootstrapper -- Found @SpringBootConfiguration com.rev.app.RevWorkforceApplication for test class com.rev.app.repository.PerformanceReviewRepositoryTest
00:30:36.859 [main] INFO org.springframework.test.context.support.AnnotationConfigContextLoaderUtils -- Could not detect default configuration classes for test class [com.rev.app.integration.EmployeeIntegrationTest]: EmployeeIntegrationTest does not declare any static, non-private, non-final, nested classes annotated with @Configuration.
00:30:36.908 [main] INFO org.springframework.boot.test.context.SpringBootTestContextBootstrapper -- Found @SpringBootConfiguration com.rev.app.RevWorkforceApplication for test class com.rev.app.integration.EmployeeIntegrationTest
00:30:37.276 [main] INFO org.springframework.boot.devtools.restart.RestartApplicationListener -- Restart disabled due to context in which it is running

  .   ____          _            __ _ _
 /\\ / ___'_ __ _ _(_)_ __  __ _ \ \ \ \
( ( )\___ | '_ | '_| | '_ \/ _` | \ \ \ \
 \\/  ___)| |_)| | | | | || (_| |  ) ) ) )
  '  |____| .__|_| |_|_| |_\__, | / / / /
 =========|_|==============|___/=/_/_/_/

 :: Spring Boot ::                (v3.3.5)

2026-03-13T00:30:37.887+05:30  INFO 9820 --- [           main] c.r.a.i.EmployeeIntegrationTest          : Starting EmployeeIntegrationTest using Java 21.0.8 with PID 9820 (started by nihar in C:\Users\nihar\OneDrive\Desktop\revworkforce__2)
2026-03-13T00:30:37.891+05:30  INFO 9820 --- [           main] c.r.a.i.EmployeeIntegrationTest          : No active profile set, falling back to 1 default profile: "default"
2026-03-13T00:30:40.008+05:30  INFO 9820 --- [           main] .s.d.r.c.RepositoryConfigurationDelegate : Bootstrapping Spring Data JPA repositories in DEFAULT mode.
2026-03-13T00:30:40.236+05:30  INFO 9820 --- [           main] .s.d.r.c.RepositoryConfigurationDelegate : Finished Spring Data repository scanning in 210 ms. Found 12 JPA repository interfaces.
2026-03-13T00:30:42.228+05:30  INFO 9820 --- [           main] o.s.b.w.embedded.tomcat.TomcatWebServer  : Tomcat initialized with port 0 (http)
2026-03-13T00:30:42.268+05:30  INFO 9820 --- [           main] o.apache.catalina.core.StandardService   : Starting service [Tomcat]
2026-03-13T00:30:42.269+05:30  INFO 9820 --- [           main] o.apache.catalina.core.StandardEngine    : Starting Servlet engine: [Apache Tomcat/10.1.31]
2026-03-13T00:30:42.504+05:30  INFO 9820 --- [           main] o.a.c.c.C.[Tomcat].[localhost].[/]       : Initializing Spring embedded WebApplicationContext
2026-03-13T00:30:42.507+05:30  INFO 9820 --- [           main] w.s.c.ServletWebServerApplicationContext : Root WebApplicationContext: initialization completed in 4567 ms
2026-03-13T00:30:42.950+05:30  INFO 9820 --- [           main] o.hibernate.jpa.internal.util.LogHelper  : HHH000204: Processing PersistenceUnitInfo [name: default]
2026-03-13T00:30:43.234+05:30  INFO 9820 --- [           main] org.hibernate.Version                    : HHH000412: Hibernate ORM core version 6.5.3.Final
2026-03-13T00:30:43.345+05:30  INFO 9820 --- [           main] o.h.c.internal.RegionFactoryInitiator    : HHH000026: Second-level cache disabled
2026-03-13T00:30:44.227+05:30  INFO 9820 --- [           main] o.s.o.j.p.SpringPersistenceUnitInfo      : No LoadTimeWeaver setup: ignoring JPA class transformer
2026-03-13T00:30:44.318+05:30  INFO 9820 --- [           main] com.zaxxer.hikari.HikariDataSource       : HikariPool-1 - Starting...
2026-03-13T00:30:45.202+05:30  INFO 9820 --- [           main] com.zaxxer.hikari.pool.HikariPool        : HikariPool-1 - Added connection conn0: url=jdbc:h2:mem:testdb user=SA
2026-03-13T00:30:45.205+05:30  INFO 9820 --- [           main] com.zaxxer.hikari.HikariDataSource       : HikariPool-1 - Start completed.
2026-03-13T00:30:45.309+05:30  WARN 9820 --- [           main] org.hibernate.orm.deprecation            : HHH90000025: H2Dialect does not need to be specified explicitly using 'hibernate.dialect' (remove the property setting and it will be selected by default)
2026-03-13T00:30:48.181+05:30  INFO 9820 --- [           main] o.h.e.t.j.p.i.JtaPlatformInitiator       : HHH000489: No JTA platform available (set 'hibernate.transaction.jta.platform' to enable JTA platform integration)
Hibernate: drop table if exists announcement cascade 
Hibernate: drop table if exists attendance cascade 
Hibernate: drop table if exists audit_log cascade 
Hibernate: drop table if exists department cascade 
Hibernate: drop table if exists designation cascade 
Hibernate: drop table if exists employee cascade 
Hibernate: drop table if exists goal cascade 
Hibernate: drop table if exists holiday cascade 
Hibernate: drop table if exists leave_application cascade 
Hibernate: drop table if exists leave_balance cascade 
Hibernate: drop table if exists notification cascade 
Hibernate: drop table if exists performance_review cascade 
Hibernate: drop sequence if exists announce_seq
Hibernate: drop sequence if exists att_seq
Hibernate: drop sequence if exists audit_seq
Hibernate: drop sequence if exists emp_seq
Hibernate: drop sequence if exists goal_seq
Hibernate: drop sequence if exists holiday_seq
Hibernate: drop sequence if exists leave_balance_seq
Hibernate: drop sequence if exists pr_seq
Hibernate: create sequence announce_seq start with 1 increment by 1
Hibernate: create sequence att_seq start with 1 increment by 1
Hibernate: create sequence audit_seq start with 1 increment by 1
Hibernate: create sequence emp_seq start with 1 increment by 1
Hibernate: create sequence goal_seq start with 1 increment by 1
Hibernate: create sequence holiday_seq start with 1 increment by 1
Hibernate: create sequence leave_balance_seq start with 1 increment by 1
Hibernate: create sequence pr_seq start with 1 increment by 1
Hibernate: create table announcement (is_active boolean, announcement_id bigint not null, created_at timestamp(6) not null, created_by bigint, title varchar(200) not null, content varchar(3000) not null, primary key (announcement_id))
Hibernate: create table attendance (date_col date not null, att_id bigint not null, employee_id bigint not null, status enum ('ABSENT','HOLIDAY','LEAVE','PRESENT') not null, primary key (att_id), unique (employee_id, date_col))
Hibernate: create table audit_log (action_time timestamp(6) not null, entity_id bigint, log_id bigint not null, performed_by bigint not null, entity_type varchar(50), action varchar(300) not null, primary key (log_id))
Hibernate: create table department (dept_id bigint generated by default as identity, dept_name varchar(100) not null unique, primary key (dept_id))
Hibernate: create table designation (desig_id bigint generated by default as identity, desig_name varchar(100) not null unique, primary key (desig_id))
Hibernate: create table employee (joining_date date, salary float(53), dept_id bigint, desig_id bigint, employee_id bigint not null, manager_id bigint, phone varchar(20), email varchar(150) not null unique, name varchar(150) not null, emergency_contact varchar(200), security_answer varchar(200), security_question varchar(200), address varchar(300), password varchar(255) not null, role enum ('ADMIN','EMPLOYEE','MANAGER') not null, status enum ('ACTIVE','INACTIVE') not null, primary key (employee_id))
Hibernate: create table goal (deadline date, progress_percent integer, employee_id bigint not null, goal_id bigint not null, review_id bigint, goal_description varchar(1000) not null, manager_comments varchar(1000), priority enum ('HIGH','LOW','MEDIUM') not null, status enum ('COMPLETED','IN_PROGRESS','NOT_STARTED') not null, primary key (goal_id))
Hibernate: create table holiday (holiday_date date not null unique, holiday_id bigint not null, holiday_name varchar(150) not null, primary key (holiday_id))
Hibernate: create table leave_application (from_date date not null, to_date date not null, applied_on timestamp(6), employee_id bigint not null, leave_id bigint generated by default as identity, manager_id bigint, manager_comments varchar(500), reason varchar(500), leave_type enum ('CASUAL_LEAVE','PAID_LEAVE','SICK_LEAVE') not null, status enum ('APPROVED','CANCELLED','PENDING','REJECTED') not null, primary key (leave_id))
Hibernate: create table leave_balance (casual_leave integer not null, paid_leave integer not null, sick_leave integer not null, employee_id bigint not null unique, leave_balance_id bigint not null, primary key (leave_balance_id))
Hibernate: create table notification (is_read boolean not null, created_at timestamp(6), employee_id bigint not null, notification_id bigint generated by default as identity, ref_id bigint, message varchar(500) not null, type enum ('GENERAL','GOAL_ASSIGNED','LEAVE_APPLIED','LEAVE_APPROVED','LEAVE_REJECTED','REVIEW_FEEDBACK','REVIEW_SUBMITTED'), primary key (notification_id))
Hibernate: create table performance_review (manager_rating integer, review_year integer not null, self_rating integer, employee_id bigint not null, review_id bigint not null, accomplishments varchar(2000), areas_of_improvement varchar(2000), key_deliverables varchar(2000), manager_feedback varchar(2000), status enum ('DRAFT','REVIEWED','SUBMITTED'), primary key (review_id))
Hibernate: alter table if exists announcement add constraint FKmx7fe5b77pn308q71gto6ulmy foreign key (created_by) references employee
Hibernate: alter table if exists attendance add constraint FKr7q0h8jfngkyybll6o9r3h9ua foreign key (employee_id) references employee
Hibernate: alter table if exists audit_log add constraint FK6c8hqvbha67ittqceq7d15jq8 foreign key (performed_by) references employee
Hibernate: alter table if exists employee add constraint FKaqchbcb8i6nvtl9g6c72yba0p foreign key (dept_id) references department
Hibernate: alter table if exists employee add constraint FKmr55wiec420mxhu78p2f1eebl foreign key (desig_id) references designation
Hibernate: alter table if exists employee add constraint FKou6wbxug1d0qf9mabut3xqblo foreign key (manager_id) references employee
Hibernate: alter table if exists goal add constraint FK52vhw3t1nm8qcp6g2th9v10ow foreign key (employee_id) references employee
Hibernate: alter table if exists goal add constraint FKs4t03xobxuie46yqjpy04xqs2 foreign key (review_id) references performance_review
Hibernate: alter table if exists leave_application add constraint FK5wn6nda4428nqlooiul7swpeq foreign key (employee_id) references employee
Hibernate: alter table if exists leave_application add constraint FKt9ghmau1nkphhcvbyox02l2qc foreign key (manager_id) references employee
Hibernate: alter table if exists leave_balance add constraint FK9ueylmeksoyp2jvtdiovselp7 foreign key (employee_id) references employee
Hibernate: alter table if exists notification add constraint FK858apfribgisso7wslgvebtxy foreign key (employee_id) references employee
Hibernate: alter table if exists performance_review add constraint FK9159yuocyhexftv11wmay20cg foreign key (employee_id) references employee
2026-03-13T00:30:48.437+05:30  INFO 9820 --- [           main] j.LocalContainerEntityManagerFactoryBean : Initialized JPA EntityManagerFactory for persistence unit 'default'
2026-03-13T00:30:49.305+05:30  INFO 9820 --- [           main] o.s.d.j.r.query.QueryEnhancerFactory     : Hibernate is in classpath; If applicable, HQL parser will be used.
2026-03-13T00:30:51.538+05:30  INFO 9820 --- [           main] eAuthenticationProviderManagerConfigurer : Global AuthenticationManager configured with AuthenticationProvider bean with name authenticationProvider
2026-03-13T00:30:51.539+05:30  WARN 9820 --- [           main] r$InitializeUserDetailsManagerConfigurer : Global AuthenticationManager configured with an AuthenticationProvider bean. UserDetailsService beans will not be used for username/password login. Consider removing the AuthenticationProvider bean. Alternatively, consider using the UserDetailsService in a manually instantiated DaoAuthenticationProvider.
2026-03-13T00:30:51.731+05:30  WARN 9820 --- [           main] JpaBaseConfiguration$JpaWebConfiguration : spring.jpa.open-in-view is enabled by default. Therefore, database queries may be performed during view rendering. Explicitly configure spring.jpa.open-in-view to disable this warning
2026-03-13T00:30:53.896+05:30  INFO 9820 --- [           main] o.s.b.w.embedded.tomcat.TomcatWebServer  : Tomcat started on port 63348 (http) with context path '/'
2026-03-13T00:30:53.922+05:30  INFO 9820 --- [           main] c.r.a.i.EmployeeIntegrationTest          : Started EmployeeIntegrationTest in 16.672 seconds (process running for 20.313)
Hibernate: select count(*) from employee e1_0
2026-03-13T00:30:54.134+05:30  INFO 9820 --- [           main] com.rev.app.config.DataInitializer       : Seeding database with initial data...
Hibernate: insert into department (dept_name,dept_id) values (?,default)
Hibernate: insert into department (dept_name,dept_id) values (?,default)
Hibernate: insert into department (dept_name,dept_id) values (?,default)
Hibernate: insert into designation (desig_name,desig_id) values (?,default)
Hibernate: insert into designation (desig_name,desig_id) values (?,default)
Hibernate: insert into designation (desig_name,desig_id) values (?,default)
Hibernate: insert into designation (desig_name,desig_id) values (?,default)
Hibernate: select next value for emp_seq
Hibernate: select next value for leave_balance_seq
2026-03-13T00:30:54.660+05:30  INFO 9820 --- [           main] com.rev.app.config.DataInitializer       : Admin created: admin@revworkforce.com / Admin@123
Hibernate: select next value for emp_seq
Hibernate: select next value for leave_balance_seq
2026-03-13T00:30:55.078+05:30  INFO 9820 --- [           main] com.rev.app.config.DataInitializer       : Manager created: manager@revworkforce.com / Manager@123
Hibernate: select next value for emp_seq
Hibernate: select next value for leave_balance_seq
2026-03-13T00:30:55.491+05:30  INFO 9820 --- [           main] com.rev.app.config.DataInitializer       : Employee created: employee@revworkforce.com / Employee@123
2026-03-13T00:30:55.491+05:30  INFO 9820 --- [           main] com.rev.app.config.DataInitializer       : Database seeding completed successfully!
Hibernate: insert into employee (address,dept_id,desig_id,email,emergency_contact,joining_date,manager_id,name,password,phone,role,salary,security_answer,security_question,status,employee_id) values (?,?,?,?,?,?,?,?,?,?,?,?,?,?,?,?)
Hibernate: insert into leave_balance (casual_leave,employee_id,paid_leave,sick_leave,leave_balance_id) values (?,?,?,?,?)
Hibernate: insert into employee (address,dept_id,desig_id,email,emergency_contact,joining_date,manager_id,name,password,phone,role,salary,security_answer,security_question,status,employee_id) values (?,?,?,?,?,?,?,?,?,?,?,?,?,?,?,?)
Hibernate: insert into leave_balance (casual_leave,employee_id,paid_leave,sick_leave,leave_balance_id) values (?,?,?,?,?)
Hibernate: insert into employee (address,dept_id,desig_id,email,emergency_contact,joining_date,manager_id,name,password,phone,role,salary,security_answer,security_question,status,employee_id) values (?,?,?,?,?,?,?,?,?,?,?,?,?,?,?,?)
Hibernate: insert into leave_balance (casual_leave,employee_id,paid_leave,sick_leave,leave_balance_id) values (?,?,?,?,?)
2026-03-13T00:30:57.213+05:30  INFO 9820 --- [o-auto-1-exec-1] o.a.c.c.C.[Tomcat].[localhost].[/]       : Initializing Spring DispatcherServlet 'dispatcherServlet'
2026-03-13T00:30:57.214+05:30  INFO 9820 --- [o-auto-1-exec-1] o.s.web.servlet.DispatcherServlet        : Initializing Servlet 'dispatcherServlet'
2026-03-13T00:30:57.216+05:30  INFO 9820 --- [o-auto-1-exec-1] o.s.web.servlet.DispatcherServlet        : Completed initialization in 2 ms
Hibernate: select e1_0.employee_id,e1_0.address,e1_0.dept_id,e1_0.desig_id,e1_0.email,e1_0.emergency_contact,e1_0.joining_date,e1_0.manager_id,e1_0.name,e1_0.password,e1_0.phone,e1_0.role,e1_0.salary,e1_0.security_answer,e1_0.security_question,e1_0.status from employee e1_0 where e1_0.email=?
Hibernate: select e1_0.employee_id,e1_0.address,e1_0.dept_id,e1_0.desig_id,e1_0.email,e1_0.emergency_contact,e1_0.joining_date,e1_0.manager_id,e1_0.name,e1_0.password,e1_0.phone,e1_0.role,e1_0.salary,e1_0.security_answer,e1_0.security_question,e1_0.status from employee e1_0 where e1_0.email=?
Hibernate: select e1_0.employee_id,e1_0.address,e1_0.dept_id,e1_0.desig_id,e1_0.email,e1_0.emergency_contact,e1_0.joining_date,e1_0.manager_id,e1_0.name,e1_0.password,e1_0.phone,e1_0.role,e1_0.salary,e1_0.security_answer,e1_0.security_question,e1_0.status from employee e1_0 where e1_0.email=?
Hibernate: select e1_0.employee_id,e1_0.address,e1_0.dept_id,e1_0.desig_id,e1_0.email,e1_0.emergency_contact,e1_0.joining_date,e1_0.manager_id,e1_0.name,e1_0.password,e1_0.phone,e1_0.role,e1_0.salary,e1_0.security_answer,e1_0.security_question,e1_0.status from employee e1_0 where e1_0.email=?
Hibernate: select e1_0.employee_id,e1_0.address,e1_0.dept_id,e1_0.desig_id,e1_0.email,e1_0.emergency_contact,e1_0.joining_date,e1_0.manager_id,e1_0.name,e1_0.password,e1_0.phone,e1_0.role,e1_0.salary,e1_0.security_answer,e1_0.security_question,e1_0.status from employee e1_0 where e1_0.email=?
Hibernate: select e1_0.employee_id,e1_0.address,e1_0.dept_id,e1_0.desig_id,e1_0.email,e1_0.emergency_contact,e1_0.joining_date,e1_0.manager_id,e1_0.name,e1_0.password,e1_0.phone,e1_0.role,e1_0.salary,e1_0.security_answer,e1_0.security_question,e1_0.status from employee e1_0 where e1_0.email=?
Hibernate: select e1_0.employee_id from employee e1_0 where e1_0.email=? fetch first ? rows only
Hibernate: select next value for emp_seq
Hibernate: select next value for leave_balance_seq
Hibernate: select next value for audit_seq
Hibernate: insert into employee (address,dept_id,desig_id,email,emergency_contact,joining_date,manager_id,name,password,phone,role,salary,security_answer,security_question,status,employee_id) values (?,?,?,?,?,?,?,?,?,?,?,?,?,?,?,?)
Hibernate: insert into leave_balance (casual_leave,employee_id,paid_leave,sick_leave,leave_balance_id) values (?,?,?,?,?)
Hibernate: insert into audit_log (action,action_time,entity_id,entity_type,performed_by,log_id) values (?,?,?,?,?,?)
]]></system-out>
    <system-err><![CDATA[WARNING: A Java agent has been loaded dynamically (C:\Users\nihar\.m2\repository\net\bytebuddy\byte-buddy-agent\1.14.19\byte-buddy-agent-1.14.19.jar)
WARNING: If a serviceability tool is in use, please run with -XX:+EnableDynamicAgentLoading to hide this warning
WARNING: If a serviceability tool is not in use, please run with -Djdk.instrument.traceUsage for more information
WARNING: Dynamic loading of agents will be disallowed by default in a future release
]]></system-err>
  </testcase>
  <testcase name="testEmployeeCanSearchDirectory" classname="com.rev.app.integration.EmployeeIntegrationTest" time="0.981">
    <system-out><![CDATA[Hibernate: select e1_0.employee_id,e1_0.address,e1_0.dept_id,e1_0.desig_id,e1_0.email,e1_0.emergency_contact,e1_0.joining_date,e1_0.manager_id,e1_0.name,e1_0.password,e1_0.phone,e1_0.role,e1_0.salary,e1_0.security_answer,e1_0.security_question,e1_0.status from employee e1_0 where e1_0.email=?
Hibernate: select e1_0.employee_id,e1_0.address,e1_0.dept_id,e1_0.desig_id,e1_0.email,e1_0.emergency_contact,e1_0.joining_date,e1_0.manager_id,e1_0.name,e1_0.password,e1_0.phone,e1_0.role,e1_0.salary,e1_0.security_answer,e1_0.security_question,e1_0.status from employee e1_0 where e1_0.email=?
Hibernate: select e1_0.employee_id,e1_0.address,e1_0.dept_id,e1_0.desig_id,e1_0.email,e1_0.emergency_contact,e1_0.joining_date,e1_0.manager_id,e1_0.name,e1_0.password,e1_0.phone,e1_0.role,e1_0.salary,e1_0.security_answer,e1_0.security_question,e1_0.status from employee e1_0 where e1_0.email=?
Hibernate: select e1_0.employee_id,e1_0.address,e1_0.dept_id,e1_0.desig_id,e1_0.email,e1_0.emergency_contact,e1_0.joining_date,e1_0.manager_id,e1_0.name,e1_0.password,e1_0.phone,e1_0.role,e1_0.salary,e1_0.security_answer,e1_0.security_question,e1_0.status from employee e1_0 where e1_0.email=?
Hibernate: select e1_0.employee_id,e1_0.address,e1_0.dept_id,e1_0.desig_id,e1_0.email,e1_0.emergency_contact,e1_0.joining_date,e1_0.manager_id,e1_0.name,e1_0.password,e1_0.phone,e1_0.role,e1_0.salary,e1_0.security_answer,e1_0.security_question,e1_0.status from employee e1_0 where e1_0.email=?
Hibernate: select e1_0.employee_id,e1_0.address,e1_0.dept_id,e1_0.desig_id,e1_0.email,e1_0.emergency_contact,e1_0.joining_date,e1_0.manager_id,e1_0.name,e1_0.password,e1_0.phone,e1_0.role,e1_0.salary,e1_0.security_answer,e1_0.security_question,e1_0.status from employee e1_0 join department d1_0 on d1_0.dept_id=e1_0.dept_id join designation d2_0 on d2_0.desig_id=e1_0.desig_id where cast(e1_0.employee_id as varchar) like ('%'||?||'%') escape '' or lower(e1_0.name) like lower(('%'||?||'%')) escape '' or lower(e1_0.email) like lower(('%'||?||'%')) escape '' or lower(d1_0.dept_name) like lower(('%'||?||'%')) escape '' or lower(d2_0.desig_name) like lower(('%'||?||'%')) escape ''
]]></system-out>
  </testcase>
  <testcase name="testAdminCanDeactivateAndReactivateEmployee" classname="com.rev.app.integration.EmployeeIntegrationTest" time="0.996">
    <system-out><![CDATA[Hibernate: select e1_0.employee_id,e1_0.address,e1_0.dept_id,e1_0.desig_id,e1_0.email,e1_0.emergency_contact,e1_0.joining_date,e1_0.manager_id,e1_0.name,e1_0.password,e1_0.phone,e1_0.role,e1_0.salary,e1_0.security_answer,e1_0.security_question,e1_0.status from employee e1_0 where e1_0.email=?
Hibernate: select e1_0.employee_id,e1_0.address,e1_0.dept_id,e1_0.desig_id,e1_0.email,e1_0.emergency_contact,e1_0.joining_date,e1_0.manager_id,e1_0.name,e1_0.password,e1_0.phone,e1_0.role,e1_0.salary,e1_0.security_answer,e1_0.security_question,e1_0.status from employee e1_0 where e1_0.email=?
Hibernate: select e1_0.employee_id,e1_0.address,e1_0.dept_id,e1_0.desig_id,e1_0.email,e1_0.emergency_contact,e1_0.joining_date,e1_0.manager_id,e1_0.name,e1_0.password,e1_0.phone,e1_0.role,e1_0.salary,e1_0.security_answer,e1_0.security_question,e1_0.status from employee e1_0 where e1_0.email=?
Hibernate: select e1_0.employee_id,e1_0.address,e1_0.dept_id,e1_0.desig_id,e1_0.email,e1_0.emergency_contact,e1_0.joining_date,e1_0.manager_id,e1_0.name,e1_0.password,e1_0.phone,e1_0.role,e1_0.salary,e1_0.security_answer,e1_0.security_question,e1_0.status from employee e1_0 where e1_0.email=?
Hibernate: select e1_0.employee_id,e1_0.address,e1_0.dept_id,e1_0.desig_id,e1_0.email,e1_0.emergency_contact,e1_0.joining_date,e1_0.manager_id,e1_0.name,e1_0.password,e1_0.phone,e1_0.role,e1_0.salary,e1_0.security_answer,e1_0.security_question,e1_0.status from employee e1_0 where e1_0.email=?
Hibernate: select e1_0.employee_id,e1_0.address,e1_0.dept_id,e1_0.desig_id,e1_0.email,e1_0.emergency_contact,e1_0.joining_date,e1_0.manager_id,e1_0.name,e1_0.password,e1_0.phone,e1_0.role,e1_0.salary,e1_0.security_answer,e1_0.security_question,e1_0.status from employee e1_0 where e1_0.email=?
Hibernate: select e1_0.employee_id,e1_0.address,e1_0.dept_id,e1_0.desig_id,e1_0.email,e1_0.emergency_contact,e1_0.joining_date,e1_0.manager_id,e1_0.name,e1_0.password,e1_0.phone,e1_0.role,e1_0.salary,e1_0.security_answer,e1_0.security_question,e1_0.status from employee e1_0 where e1_0.email=?
Hibernate: select e1_0.employee_id,e1_0.address,e1_0.dept_id,e1_0.desig_id,e1_0.email,e1_0.emergency_contact,e1_0.joining_date,e1_0.manager_id,e1_0.name,e1_0.password,e1_0.phone,e1_0.role,e1_0.salary,e1_0.security_answer,e1_0.security_question,e1_0.status from employee e1_0 where e1_0.employee_id=?
Hibernate: select next value for audit_seq
Hibernate: insert into audit_log (action,action_time,entity_id,entity_type,performed_by,log_id) values (?,?,?,?,?,?)
Hibernate: update employee set address=?,dept_id=?,desig_id=?,email=?,emergency_contact=?,joining_date=?,manager_id=?,name=?,password=?,phone=?,role=?,salary=?,security_answer=?,security_question=?,status=? where employee_id=?
Hibernate: select e1_0.employee_id,e1_0.address,e1_0.dept_id,e1_0.desig_id,e1_0.email,e1_0.emergency_contact,e1_0.joining_date,e1_0.manager_id,e1_0.name,e1_0.password,e1_0.phone,e1_0.role,e1_0.salary,e1_0.security_answer,e1_0.security_question,e1_0.status from employee e1_0 where e1_0.email=?
Hibernate: select e1_0.employee_id,e1_0.address,e1_0.dept_id,e1_0.desig_id,e1_0.email,e1_0.emergency_contact,e1_0.joining_date,e1_0.manager_id,e1_0.name,e1_0.password,e1_0.phone,e1_0.role,e1_0.salary,e1_0.security_answer,e1_0.security_question,e1_0.status from employee e1_0 where e1_0.email=?
Hibernate: select e1_0.employee_id,e1_0.address,e1_0.dept_id,e1_0.desig_id,e1_0.email,e1_0.emergency_contact,e1_0.joining_date,e1_0.manager_id,e1_0.name,e1_0.password,e1_0.phone,e1_0.role,e1_0.salary,e1_0.security_answer,e1_0.security_question,e1_0.status from employee e1_0 where e1_0.employee_id=?
Hibernate: select next value for audit_seq
Hibernate: insert into audit_log (action,action_time,entity_id,entity_type,performed_by,log_id) values (?,?,?,?,?,?)
Hibernate: update employee set address=?,dept_id=?,desig_id=?,email=?,emergency_contact=?,joining_date=?,manager_id=?,name=?,password=?,phone=?,role=?,salary=?,security_answer=?,security_question=?,status=? where employee_id=?
]]></system-out>
  </testcase>
  <testcase name="testEmployeeCanUpdateOwnProfile" classname="com.rev.app.integration.EmployeeIntegrationTest" time="0.941">
    <system-out><![CDATA[Hibernate: select e1_0.employee_id,e1_0.address,e1_0.dept_id,e1_0.desig_id,e1_0.email,e1_0.emergency_contact,e1_0.joining_date,e1_0.manager_id,e1_0.name,e1_0.password,e1_0.phone,e1_0.role,e1_0.salary,e1_0.security_answer,e1_0.security_question,e1_0.status from employee e1_0 where e1_0.email=?
Hibernate: select e1_0.employee_id,e1_0.address,e1_0.dept_id,e1_0.desig_id,e1_0.email,e1_0.emergency_contact,e1_0.joining_date,e1_0.manager_id,e1_0.name,e1_0.password,e1_0.phone,e1_0.role,e1_0.salary,e1_0.security_answer,e1_0.security_question,e1_0.status from employee e1_0 where e1_0.email=?
Hibernate: select e1_0.employee_id,e1_0.address,e1_0.dept_id,e1_0.desig_id,e1_0.email,e1_0.emergency_contact,e1_0.joining_date,e1_0.manager_id,e1_0.name,e1_0.password,e1_0.phone,e1_0.role,e1_0.salary,e1_0.security_answer,e1_0.security_question,e1_0.status from employee e1_0 where e1_0.email=?
Hibernate: select e1_0.employee_id,e1_0.address,e1_0.dept_id,e1_0.desig_id,e1_0.email,e1_0.emergency_contact,e1_0.joining_date,e1_0.manager_id,e1_0.name,e1_0.password,e1_0.phone,e1_0.role,e1_0.salary,e1_0.security_answer,e1_0.security_question,e1_0.status from employee e1_0 where e1_0.email=?
Hibernate: select e1_0.employee_id,e1_0.address,e1_0.dept_id,e1_0.desig_id,e1_0.email,e1_0.emergency_contact,e1_0.joining_date,e1_0.manager_id,e1_0.name,e1_0.password,e1_0.phone,e1_0.role,e1_0.salary,e1_0.security_answer,e1_0.security_question,e1_0.status from employee e1_0 where e1_0.email=?
Hibernate: select e1_0.employee_id,e1_0.address,e1_0.dept_id,e1_0.desig_id,e1_0.email,e1_0.emergency_contact,e1_0.joining_date,e1_0.manager_id,e1_0.name,e1_0.password,e1_0.phone,e1_0.role,e1_0.salary,e1_0.security_answer,e1_0.security_question,e1_0.status from employee e1_0 where e1_0.email=?
Hibernate: update employee set address=?,dept_id=?,desig_id=?,email=?,emergency_contact=?,joining_date=?,manager_id=?,name=?,password=?,phone=?,role=?,salary=?,security_answer=?,security_question=?,status=? where employee_id=?
Hibernate: select e1_0.employee_id,e1_0.address,e1_0.dept_id,e1_0.desig_id,e1_0.email,e1_0.emergency_contact,e1_0.joining_date,e1_0.manager_id,e1_0.name,e1_0.password,e1_0.phone,e1_0.role,e1_0.salary,e1_0.security_answer,e1_0.security_question,e1_0.status from employee e1_0 where e1_0.email=?
Hibernate: select e1_0.employee_id,e1_0.address,e1_0.dept_id,e1_0.desig_id,e1_0.email,e1_0.emergency_contact,e1_0.joining_date,e1_0.manager_id,e1_0.name,e1_0.password,e1_0.phone,e1_0.role,e1_0.salary,e1_0.security_answer,e1_0.security_question,e1_0.status from employee e1_0 where e1_0.email=?
Hibernate: select d1_0.dept_id,d1_0.dept_name from department d1_0 where d1_0.dept_id=?
Hibernate: select d1_0.desig_id,d1_0.desig_name from designation d1_0 where d1_0.desig_id=?
Hibernate: select e1_0.employee_id,e1_0.address,e1_0.dept_id,e1_0.desig_id,e1_0.email,e1_0.emergency_contact,e1_0.joining_date,e1_0.manager_id,e1_0.name,e1_0.password,e1_0.phone,e1_0.role,e1_0.salary,e1_0.security_answer,e1_0.security_question,e1_0.status from employee e1_0 where e1_0.employee_id=?
]]></system-out>
  </testcase>
  <testcase name="testAdminCanSearchEmployees" classname="com.rev.app.integration.EmployeeIntegrationTest" time="0.905">
    <system-out><![CDATA[Hibernate: select e1_0.employee_id,e1_0.address,e1_0.dept_id,e1_0.desig_id,e1_0.email,e1_0.emergency_contact,e1_0.joining_date,e1_0.manager_id,e1_0.name,e1_0.password,e1_0.phone,e1_0.role,e1_0.salary,e1_0.security_answer,e1_0.security_question,e1_0.status from employee e1_0 where e1_0.email=?
Hibernate: select e1_0.employee_id,e1_0.address,e1_0.dept_id,e1_0.desig_id,e1_0.email,e1_0.emergency_contact,e1_0.joining_date,e1_0.manager_id,e1_0.name,e1_0.password,e1_0.phone,e1_0.role,e1_0.salary,e1_0.security_answer,e1_0.security_question,e1_0.status from employee e1_0 where e1_0.email=?
Hibernate: select e1_0.employee_id,e1_0.address,e1_0.dept_id,e1_0.desig_id,e1_0.email,e1_0.emergency_contact,e1_0.joining_date,e1_0.manager_id,e1_0.name,e1_0.password,e1_0.phone,e1_0.role,e1_0.salary,e1_0.security_answer,e1_0.security_question,e1_0.status from employee e1_0 where e1_0.email=?
Hibernate: select e1_0.employee_id,e1_0.address,e1_0.dept_id,e1_0.desig_id,e1_0.email,e1_0.emergency_contact,e1_0.joining_date,e1_0.manager_id,e1_0.name,e1_0.password,e1_0.phone,e1_0.role,e1_0.salary,e1_0.security_answer,e1_0.security_question,e1_0.status from employee e1_0 where e1_0.email=?
Hibernate: select e1_0.employee_id,e1_0.address,e1_0.dept_id,e1_0.desig_id,e1_0.email,e1_0.emergency_contact,e1_0.joining_date,e1_0.manager_id,e1_0.name,e1_0.password,e1_0.phone,e1_0.role,e1_0.salary,e1_0.security_answer,e1_0.security_question,e1_0.status from employee e1_0 where e1_0.email=?
Hibernate: select e1_0.employee_id,e1_0.address,e1_0.dept_id,e1_0.desig_id,e1_0.email,e1_0.emergency_contact,e1_0.joining_date,e1_0.manager_id,e1_0.name,e1_0.password,e1_0.phone,e1_0.role,e1_0.salary,e1_0.security_answer,e1_0.security_question,e1_0.status from employee e1_0 join department d1_0 on d1_0.dept_id=e1_0.dept_id join designation d2_0 on d2_0.desig_id=e1_0.desig_id where cast(e1_0.employee_id as varchar) like ('%'||?||'%') escape '' or lower(e1_0.name) like lower(('%'||?||'%')) escape '' or lower(e1_0.email) like lower(('%'||?||'%')) escape '' or lower(d1_0.dept_name) like lower(('%'||?||'%')) escape '' or lower(d2_0.desig_name) like lower(('%'||?||'%')) escape ''
]]></system-out>
  </testcase>
  <testcase name="testAdminCanGetAllEmployees" classname="com.rev.app.integration.EmployeeIntegrationTest" time="0.947">
    <system-out><![CDATA[Hibernate: select e1_0.employee_id,e1_0.address,e1_0.dept_id,e1_0.desig_id,e1_0.email,e1_0.emergency_contact,e1_0.joining_date,e1_0.manager_id,e1_0.name,e1_0.password,e1_0.phone,e1_0.role,e1_0.salary,e1_0.security_answer,e1_0.security_question,e1_0.status from employee e1_0 where e1_0.email=?
Hibernate: select e1_0.employee_id,e1_0.address,e1_0.dept_id,e1_0.desig_id,e1_0.email,e1_0.emergency_contact,e1_0.joining_date,e1_0.manager_id,e1_0.name,e1_0.password,e1_0.phone,e1_0.role,e1_0.salary,e1_0.security_answer,e1_0.security_question,e1_0.status from employee e1_0 where e1_0.email=?
Hibernate: select e1_0.employee_id,e1_0.address,e1_0.dept_id,e1_0.desig_id,e1_0.email,e1_0.emergency_contact,e1_0.joining_date,e1_0.manager_id,e1_0.name,e1_0.password,e1_0.phone,e1_0.role,e1_0.salary,e1_0.security_answer,e1_0.security_question,e1_0.status from employee e1_0 where e1_0.email=?
Hibernate: select e1_0.employee_id,e1_0.address,e1_0.dept_id,e1_0.desig_id,e1_0.email,e1_0.emergency_contact,e1_0.joining_date,e1_0.manager_id,e1_0.name,e1_0.password,e1_0.phone,e1_0.role,e1_0.salary,e1_0.security_answer,e1_0.security_question,e1_0.status from employee e1_0 where e1_0.email=?
Hibernate: select e1_0.employee_id,e1_0.address,e1_0.dept_id,e1_0.desig_id,e1_0.email,e1_0.emergency_contact,e1_0.joining_date,e1_0.manager_id,e1_0.name,e1_0.password,e1_0.phone,e1_0.role,e1_0.salary,e1_0.security_answer,e1_0.security_question,e1_0.status from employee e1_0 where e1_0.email=?
Hibernate: select e1_0.employee_id,e1_0.address,e1_0.dept_id,e1_0.desig_id,e1_0.email,e1_0.emergency_contact,e1_0.joining_date,e1_0.manager_id,e1_0.name,e1_0.password,e1_0.phone,e1_0.role,e1_0.salary,e1_0.security_answer,e1_0.security_question,e1_0.status from employee e1_0
Hibernate: select d1_0.dept_id,d1_0.dept_name from department d1_0 where d1_0.dept_id=?
Hibernate: select d1_0.desig_id,d1_0.desig_name from designation d1_0 where d1_0.desig_id=?
Hibernate: select d1_0.dept_id,d1_0.dept_name from department d1_0 where d1_0.dept_id=?
Hibernate: select d1_0.desig_id,d1_0.desig_name from designation d1_0 where d1_0.desig_id=?
Hibernate: select d1_0.desig_id,d1_0.desig_name from designation d1_0 where d1_0.desig_id=?
]]></system-out>
  </testcase>
  <testcase name="testEmployeeCanViewOwnProfile" classname="com.rev.app.integration.EmployeeIntegrationTest" time="0.923">
    <system-out><![CDATA[Hibernate: select e1_0.employee_id,e1_0.address,e1_0.dept_id,e1_0.desig_id,e1_0.email,e1_0.emergency_contact,e1_0.joining_date,e1_0.manager_id,e1_0.name,e1_0.password,e1_0.phone,e1_0.role,e1_0.salary,e1_0.security_answer,e1_0.security_question,e1_0.status from employee e1_0 where e1_0.email=?
Hibernate: select e1_0.employee_id,e1_0.address,e1_0.dept_id,e1_0.desig_id,e1_0.email,e1_0.emergency_contact,e1_0.joining_date,e1_0.manager_id,e1_0.name,e1_0.password,e1_0.phone,e1_0.role,e1_0.salary,e1_0.security_answer,e1_0.security_question,e1_0.status from employee e1_0 where e1_0.email=?
Hibernate: select e1_0.employee_id,e1_0.address,e1_0.dept_id,e1_0.desig_id,e1_0.email,e1_0.emergency_contact,e1_0.joining_date,e1_0.manager_id,e1_0.name,e1_0.password,e1_0.phone,e1_0.role,e1_0.salary,e1_0.security_answer,e1_0.security_question,e1_0.status from employee e1_0 where e1_0.email=?
Hibernate: select e1_0.employee_id,e1_0.address,e1_0.dept_id,e1_0.desig_id,e1_0.email,e1_0.emergency_contact,e1_0.joining_date,e1_0.manager_id,e1_0.name,e1_0.password,e1_0.phone,e1_0.role,e1_0.salary,e1_0.security_answer,e1_0.security_question,e1_0.status from employee e1_0 where e1_0.email=?
Hibernate: select e1_0.employee_id,e1_0.address,e1_0.dept_id,e1_0.desig_id,e1_0.email,e1_0.emergency_contact,e1_0.joining_date,e1_0.manager_id,e1_0.name,e1_0.password,e1_0.phone,e1_0.role,e1_0.salary,e1_0.security_answer,e1_0.security_question,e1_0.status from employee e1_0 where e1_0.email=?
Hibernate: select e1_0.employee_id,e1_0.address,e1_0.dept_id,e1_0.desig_id,e1_0.email,e1_0.emergency_contact,e1_0.joining_date,e1_0.manager_id,e1_0.name,e1_0.password,e1_0.phone,e1_0.role,e1_0.salary,e1_0.security_answer,e1_0.security_question,e1_0.status from employee e1_0 where e1_0.email=?
Hibernate: select d1_0.dept_id,d1_0.dept_name from department d1_0 where d1_0.dept_id=?
Hibernate: select d1_0.desig_id,d1_0.desig_name from designation d1_0 where d1_0.desig_id=?
Hibernate: select e1_0.employee_id,e1_0.address,e1_0.dept_id,e1_0.desig_id,e1_0.email,e1_0.emergency_contact,e1_0.joining_date,e1_0.manager_id,e1_0.name,e1_0.password,e1_0.phone,e1_0.role,e1_0.salary,e1_0.security_answer,e1_0.security_question,e1_0.status from employee e1_0 where e1_0.employee_id=?
]]></system-out>
  </testcase>
</testsuite>