<?xml version="1.0" encoding="UTF-8"?>
<testsuite xmlns:xsi="http://www.w3.org/2001/XMLSchema-instance" xsi:noNamespaceSchemaLocation="https://maven.apache.org/surefire/maven-surefire-plugin/xsd/surefire-test-report-3.0.xsd" version="3.0" name="com.rev.app.integration.RoleAccessIntegrationTest" time="19.703" tests="15" errors="0" skipped="0" failures="0">
  <properties>
[...]
</properties>
  <testcase name="getAuditLogs_AdminOnly_Returns403ForOthers" classname="com.rev.app.integration.RoleAccessIntegrationTest" time="1.361">
    <system-out><![CDATA[2026-03-13T00:31:46.009+05:30  INFO 9820 --- [           main] t.c.s.AnnotationConfigContextLoaderUtils : Could not detect default configuration classes for test class [com.rev.app.integration.RoleAccessIntegrationTest]: RoleAccessIntegrationTest does not declare any static, non-private, non-final, nested classes annotated with @Configuration.
2026-03-13T00:31:46.012+05:30  INFO 9820 --- [           main] .b.t.c.SpringBootTestContextBootstrapper : Found @SpringBootConfiguration com.rev.app.RevWorkforceApplication for test class com.rev.app.integration.RoleAccessIntegrationTest
Hibernate: select e1_0.employee_id,e1_0.address,e1_0.dept_id,e1_0.desig_id,e1_0.email,e1_0.emergency_contact,e1_0.joining_date,e1_0.manager_id,e1_0.name,e1_0.password,e1_0.phone,e1_0.role,e1_0.salary,e1_0.security_answer,e1_0.security_question,e1_0.status from employee e1_0 where e1_0.email=?
Hibernate: select e1_0.employee_id,e1_0.address,e1_0.dept_id,e1_0.desig_id,e1_0.email,e1_0.emergency_contact,e1_0.joining_date,e1_0.manager_id,e1_0.name,e1_0.password,e1_0.phone,e1_0.role,e1_0.salary,e1_0.security_answer,e1_0.security_question,e1_0.status from employee e1_0 where e1_0.email=?
Hibernate: select e1_0.employee_id,e1_0.address,e1_0.dept_id,e1_0.desig_id,e1_0.email,e1_0.emergency_contact,e1_0.joining_date,e1_0.manager_id,e1_0.name,e1_0.password,e1_0.phone,e1_0.role,e1_0.salary,e1_0.security_answer,e1_0.security_question,e1_0.status from employee e1_0 where e1_0.email=?
Hibernate: select e1_0.employee_id,e1_0.address,e1_0.dept_id,e1_0.desig_id,e1_0.email,e1_0.emergency_contact,e1_0.joining_date,e1_0.manager_id,e1_0.name,e1_0.password,e1_0.phone,e1_0.role,e1_0.salary,e1_0.security_answer,e1_0.security_question,e1_0.status from employee e1_0 where e1_0.email=?
Hibernate: select e1_0.employee_id,e1_0.address,e1_0.dept_id,e1_0.desig_id,e1_0.email,e1_0.emergency_contact,e1_0.joining_date,e1_0.manager_id,e1_0.name,e1_0.password,e1_0.phone,e1_0.role,e1_0.salary,e1_0.security_answer,e1_0.security_question,e1_0.status from employee e1_0 where e1_0.email=?
Hibernate: select e1_0.employee_id,e1_0.address,e1_0.dept_id,e1_0.desig_id,e1_0.email,e1_0.emergency_contact,e1_0.joining_date,e1_0.manager_id,e1_0.name,e1_0.password,e1_0.phone,e1_0.role,e1_0.salary,e1_0.security_answer,e1_0.security_question,e1_0.status from employee e1_0 where e1_0.email=?
Hibernate: select e1_0.employee_id,e1_0.address,e1_0.dept_id,e1_0.desig_id,e1_0.email,e1_0.emergency_contact,e1_0.joining_date,e1_0.manager_id,e1_0.name,e1_0.password,e1_0.phone,e1_0.role,e1_0.salary,e1_0.security_answer,e1_0.security_question,e1_0.status from employee e1_0 where e1_0.email=?
Hibernate: select al1_0.log_id,al1_0.action,al1_0.action_time,al1_0.entity_id,al1_0.entity_type,al1_0.performed_by from audit_log al1_0 order by al1_0.action_time desc
Hibernate: select e1_0.employee_id,e1_0.address,e1_0.dept_id,e1_0.desig_id,e1_0.email,e1_0.emergency_contact,e1_0.joining_date,e1_0.manager_id,e1_0.name,e1_0.password,e1_0.phone,e1_0.role,e1_0.salary,e1_0.security_answer,e1_0.security_question,e1_0.status from employee e1_0 where e1_0.employee_id=?
Hibernate: select e1_0.employee_id,e1_0.address,e1_0.dept_id,e1_0.desig_id,e1_0.email,e1_0.emergency_contact,e1_0.joining_date,e1_0.manager_id,e1_0.name,e1_0.password,e1_0.phone,e1_0.role,e1_0.salary,e1_0.security_answer,e1_0.security_question,e1_0.status from employee e1_0 where e1_0.employee_id=?
Hibernate: select e1_0.employee_id,e1_0.address,e1_0.dept_id,e1_0.desig_id,e1_0.email,e1_0.emergency_contact,e1_0.joining_date,e1_0.manager_id,e1_0.name,e1_0.password,e1_0.phone,e1_0.role,e1_0.salary,e1_0.security_answer,e1_0.security_question,e1_0.status from employee e1_0 where e1_0.email=?
Hibernate: select e1_0.employee_id,e1_0.address,e1_0.dept_id,e1_0.desig_id,e1_0.email,e1_0.emergency_contact,e1_0.joining_date,e1_0.manager_id,e1_0.name,e1_0.password,e1_0.phone,e1_0.role,e1_0.salary,e1_0.security_answer,e1_0.security_question,e1_0.status from employee e1_0 where e1_0.email=?
]]></system-out>
  </testcase>
  <testcase name="getAdminEmployees_AdminOnly_Returns403ForOthers" classname="com.rev.app.integration.RoleAccessIntegrationTest" time="1.303">
    <system-out><![CDATA[Hibernate: select e1_0.employee_id,e1_0.address,e1_0.dept_id,e1_0.desig_id,e1_0.email,e1_0.emergency_contact,e1_0.joining_date,e1_0.manager_id,e1_0.name,e1_0.password,e1_0.phone,e1_0.role,e1_0.salary,e1_0.security_answer,e1_0.security_question,e1_0.status from employee e1_0 where e1_0.email=?
Hibernate: select e1_0.employee_id,e1_0.address,e1_0.dept_id,e1_0.desig_id,e1_0.email,e1_0.emergency_contact,e1_0.joining_date,e1_0.manager_id,e1_0.name,e1_0.password,e1_0.phone,e1_0.role,e1_0.salary,e1_0.security_answer,e1_0.security_question,e1_0.status from employee e1_0 where e1_0.email=?
Hibernate: select e1_0.employee_id,e1_0.address,e1_0.dept_id,e1_0.desig_id,e1_0.email,e1_0.emergency_contact,e1_0.joining_date,e1_0.manager_id,e1_0.name,e1_0.password,e1_0.phone,e1_0.role,e1_0.salary,e1_0.security_answer,e1_0.security_question,e1_0.status from employee e1_0 where e1_0.email=?
Hibernate: select e1_0.employee_id,e1_0.address,e1_0.dept_id,e1_0.desig_id,e1_0.email,e1_0.emergency_contact,e1_0.joining_date,e1_0.manager_id,e1_0.name,e1_0.password,e1_0.phone,e1_0.role,e1_0.salary,e1_0.security_answer,e1_0.security_question,e1_0.status from employee e1_0 where e1_0.email=?
Hibernate: select e1_0.employee_id,e1_0.address,e1_0.dept_id,e1_0.desig_id,e1_0.email,e1_0.emergency_contact,e1_0.joining_date,e1_0.manager_id,e1_0.name,e1_0.password,e1_0.phone,e1_0.role,e1_0.salary,e1_0.security_answer,e1_0.security_question,e1_0.status from employee e1_0 where e1_0.email=?
Hibernate: select e1_0.employee_id,e1_0.address,e1_0.dept_id,e1_0.desig_id,e1_0.email,e1_0.emergency_contact,e1_0.joining_date,e1_0.manager_id,e1_0.name,e1_0.password,e1_0.phone,e1_0.role,e1_0.salary,e1_0.security_answer,e1_0.security_question,e1_0.status from employee e1_0 where e1_0.email=?
Hibernate: select e1_0.employee_id,e1_0.address,e1_0.dept_id,e1_0.desig_id,e1_0.email,e1_0.emergency_contact,e1_0.joining_date,e1_0.manager_id,e1_0.name,e1_0.password,e1_0.phone,e1_0.role,e1_0.salary,e1_0.security_answer,e1_0.security_question,e1_0.status from employee e1_0 where e1_0.email=?
Hibernate: select e1_0.employee_id,e1_0.address,e1_0.dept_id,e1_0.desig_id,e1_0.email,e1_0.emergency_contact,e1_0.joining_date,e1_0.manager_id,e1_0.name,e1_0.password,e1_0.phone,e1_0.role,e1_0.salary,e1_0.security_answer,e1_0.security_question,e1_0.status from employee e1_0
Hibernate: select d1_0.dept_id,d1_0.dept_name from department d1_0 where d1_0.dept_id=?
Hibernate: select d1_0.desig_id,d1_0.desig_name from designation d1_0 where d1_0.desig_id=?
Hibernate: select d1_0.dept_id,d1_0.dept_name from department d1_0 where d1_0.dept_id=?
Hibernate: select d1_0.desig_id,d1_0.desig_name from designation d1_0 where d1_0.desig_id=?
Hibernate: select d1_0.desig_id,d1_0.desig_name from designation d1_0 where d1_0.desig_id=?
Hibernate: select e1_0.employee_id,e1_0.address,e1_0.dept_id,e1_0.desig_id,e1_0.email,e1_0.emergency_contact,e1_0.joining_date,e1_0.manager_id,e1_0.name,e1_0.password,e1_0.phone,e1_0.role,e1_0.salary,e1_0.security_answer,e1_0.security_question,e1_0.status from employee e1_0 where e1_0.email=?
Hibernate: select e1_0.employee_id,e1_0.address,e1_0.dept_id,e1_0.desig_id,e1_0.email,e1_0.emergency_contact,e1_0.joining_date,e1_0.manager_id,e1_0.name,e1_0.password,e1_0.phone,e1_0.role,e1_0.salary,e1_0.security_answer,e1_0.security_question,e1_0.status from employee e1_0 where e1_0.email=?
]]></system-out>
  </testcase>
  <testcase name="getTeamLeaves_ManagerAndAdminOnly_Returns403ForEmployee" classname="com.rev.app.integration.RoleAccessIntegrationTest" time="1.313">
    <system-out><![CDATA[Hibernate: select e1_0.employee_id,e1_0.address,e1_0.dept_id,e1_0.desig_id,e1_0.email,e1_0.emergency_contact,e1_0.joining_date,e1_0.manager_id,e1_0.name,e1_0.password,e1_0.phone,e1_0.role,e1_0.salary,e1_0.security_answer,e1_0.security_question,e1_0.status from employee e1_0 where e1_0.email=?
Hibernate: select e1_0.employee_id,e1_0.address,e1_0.dept_id,e1_0.desig_id,e1_0.email,e1_0.emergency_contact,e1_0.joining_date,e1_0.manager_id,e1_0.name,e1_0.password,e1_0.phone,e1_0.role,e1_0.salary,e1_0.security_answer,e1_0.security_question,e1_0.status from employee e1_0 where e1_0.email=?
Hibernate: select e1_0.employee_id,e1_0.address,e1_0.dept_id,e1_0.desig_id,e1_0.email,e1_0.emergency_contact,e1_0.joining_date,e1_0.manager_id,e1_0.name,e1_0.password,e1_0.phone,e1_0.role,e1_0.salary,e1_0.security_answer,e1_0.security_question,e1_0.status from employee e1_0 where e1_0.email=?
Hibernate: select e1_0.employee_id,e1_0.address,e1_0.dept_id,e1_0.desig_id,e1_0.email,e1_0.emergency_contact,e1_0.joining_date,e1_0.manager_id,e1_0.name,e1_0.password,e1_0.phone,e1_0.role,e1_0.salary,e1_0.security_answer,e1_0.security_question,e1_0.status from employee e1_0 where e1_0.email=?
Hibernate: select e1_0.employee_id,e1_0.address,e1_0.dept_id,e1_0.desig_id,e1_0.email,e1_0.emergency_contact,e1_0.joining_date,e1_0.manager_id,e1_0.name,e1_0.password,e1_0.phone,e1_0.role,e1_0.salary,e1_0.security_answer,e1_0.security_question,e1_0.status from employee e1_0 where e1_0.email=?
Hibernate: select e1_0.employee_id,e1_0.address,e1_0.dept_id,e1_0.desig_id,e1_0.email,e1_0.emergency_contact,e1_0.joining_date,e1_0.manager_id,e1_0.name,e1_0.password,e1_0.phone,e1_0.role,e1_0.salary,e1_0.security_answer,e1_0.security_question,e1_0.status from employee e1_0 where e1_0.email=?
Hibernate: select e1_0.employee_id,e1_0.address,e1_0.dept_id,e1_0.desig_id,e1_0.email,e1_0.emergency_contact,e1_0.joining_date,e1_0.manager_id,e1_0.name,e1_0.password,e1_0.phone,e1_0.role,e1_0.salary,e1_0.security_answer,e1_0.security_question,e1_0.status from employee e1_0 where e1_0.email=?
Hibernate: select e1_0.employee_id,e1_0.address,e1_0.dept_id,e1_0.desig_id,e1_0.email,e1_0.emergency_contact,e1_0.joining_date,e1_0.manager_id,e1_0.name,e1_0.password,e1_0.phone,e1_0.role,e1_0.salary,e1_0.security_answer,e1_0.security_question,e1_0.status from employee e1_0 where e1_0.email=?
Hibernate: select la1_0.leave_id,la1_0.applied_on,la1_0.employee_id,la1_0.from_date,la1_0.leave_type,la1_0.manager_id,la1_0.manager_comments,la1_0.reason,la1_0.status,la1_0.to_date from leave_application la1_0 join employee e1_0 on e1_0.employee_id=la1_0.employee_id where e1_0.manager_id=? order by la1_0.applied_on desc
Hibernate: select e1_0.employee_id,e1_0.address,e1_0.dept_id,e1_0.desig_id,e1_0.email,e1_0.emergency_contact,e1_0.joining_date,e1_0.manager_id,e1_0.name,e1_0.password,e1_0.phone,e1_0.role,e1_0.salary,e1_0.security_answer,e1_0.security_question,e1_0.status from employee e1_0 where e1_0.email=?
Hibernate: select e1_0.employee_id,e1_0.address,e1_0.dept_id,e1_0.desig_id,e1_0.email,e1_0.emergency_contact,e1_0.joining_date,e1_0.manager_id,e1_0.name,e1_0.password,e1_0.phone,e1_0.role,e1_0.salary,e1_0.security_answer,e1_0.security_question,e1_0.status from employee e1_0 where e1_0.email=?
Hibernate: select la1_0.leave_id,la1_0.applied_on,la1_0.employee_id,la1_0.from_date,la1_0.leave_type,la1_0.manager_id,la1_0.manager_comments,la1_0.reason,la1_0.status,la1_0.to_date from leave_application la1_0 join employee e1_0 on e1_0.employee_id=la1_0.employee_id where e1_0.manager_id=? order by la1_0.applied_on desc
Hibernate: select e1_0.employee_id,e1_0.address,e1_0.dept_id,e1_0.desig_id,e1_0.email,e1_0.emergency_contact,e1_0.joining_date,e1_0.manager_id,e1_0.name,e1_0.password,e1_0.phone,e1_0.role,e1_0.salary,e1_0.security_answer,e1_0.security_question,e1_0.status from employee e1_0 where e1_0.employee_id=?
Hibernate: select e1_0.employee_id,e1_0.address,e1_0.dept_id,e1_0.desig_id,e1_0.email,e1_0.emergency_contact,e1_0.joining_date,e1_0.manager_id,e1_0.name,e1_0.password,e1_0.phone,e1_0.role,e1_0.salary,e1_0.security_answer,e1_0.security_question,e1_0.status from employee e1_0 where e1_0.email=?
]]></system-out>
  </testcase>
  <testcase name="noToken_AdminEndpoint_ReturnsRejected" classname="com.rev.app.integration.RoleAccessIntegrationTest" time="1.276">
    <system-out><![CDATA[Hibernate: select e1_0.employee_id,e1_0.address,e1_0.dept_id,e1_0.desig_id,e1_0.email,e1_0.emergency_contact,e1_0.joining_date,e1_0.manager_id,e1_0.name,e1_0.password,e1_0.phone,e1_0.role,e1_0.salary,e1_0.security_answer,e1_0.security_question,e1_0.status from employee e1_0 where e1_0.email=?
Hibernate: select e1_0.employee_id,e1_0.address,e1_0.dept_id,e1_0.desig_id,e1_0.email,e1_0.emergency_contact,e1_0.joining_date,e1_0.manager_id,e1_0.name,e1_0.password,e1_0.phone,e1_0.role,e1_0.salary,e1_0.security_answer,e1_0.security_question,e1_0.status from employee e1_0 where e1_0.email=?
Hibernate: select e1_0.employee_id,e1_0.address,e1_0.dept_id,e1_0.desig_id,e1_0.email,e1_0.emergency_contact,e1_0.joining_date,e1_0.manager_id,e1_0.name,e1_0.password,e1_0.phone,e1_0.role,e1_0.salary,e1_0.security_answer,e1_0.security_question,e1_0.status from employee e1_0 where e1_0.email=?
Hibernate: select e1_0.employee_id,e1_0.address,e1_0.dept_id,e1_0.desig_id,e1_0.email,e1_0.emergency_contact,e1_0.joining_date,e1_0.manager_id,e1_0.name,e1_0.password,e1_0.phone,e1_0.role,e1_0.salary,e1_0.security_answer,e1_0.security_question,e1_0.status from employee e1_0 where e1_0.email=?
Hibernate: select e1_0.employee_id,e1_0.address,e1_0.dept_id,e1_0.desig_id,e1_0.email,e1_0.emergency_contact,e1_0.joining_date,e1_0.manager_id,e1_0.name,e1_0.password,e1_0.phone,e1_0.role,e1_0.salary,e1_0.security_answer,e1_0.security_question,e1_0.status from employee e1_0 where e1_0.email=?
Hibernate: select e1_0.employee_id,e1_0.address,e1_0.dept_id,e1_0.desig_id,e1_0.email,e1_0.emergency_contact,e1_0.joining_date,e1_0.manager_id,e1_0.name,e1_0.password,e1_0.phone,e1_0.role,e1_0.salary,e1_0.security_answer,e1_0.security_question,e1_0.status from employee e1_0 where e1_0.email=?
]]></system-out>
  </testcase>
  <testcase name="employee_CanAccessOwnLeaveBalance" classname="com.rev.app.integration.RoleAccessIntegrationTest" time="1.303">
    <system-out><![CDATA[Hibernate: select e1_0.employee_id,e1_0.address,e1_0.dept_id,e1_0.desig_id,e1_0.email,e1_0.emergency_contact,e1_0.joining_date,e1_0.manager_id,e1_0.name,e1_0.password,e1_0.phone,e1_0.role,e1_0.salary,e1_0.security_answer,e1_0.security_question,e1_0.status from employee e1_0 where e1_0.email=?
Hibernate: select e1_0.employee_id,e1_0.address,e1_0.dept_id,e1_0.desig_id,e1_0.email,e1_0.emergency_contact,e1_0.joining_date,e1_0.manager_id,e1_0.name,e1_0.password,e1_0.phone,e1_0.role,e1_0.salary,e1_0.security_answer,e1_0.security_question,e1_0.status from employee e1_0 where e1_0.email=?
Hibernate: select e1_0.employee_id,e1_0.address,e1_0.dept_id,e1_0.desig_id,e1_0.email,e1_0.emergency_contact,e1_0.joining_date,e1_0.manager_id,e1_0.name,e1_0.password,e1_0.phone,e1_0.role,e1_0.salary,e1_0.security_answer,e1_0.security_question,e1_0.status from employee e1_0 where e1_0.email=?
Hibernate: select e1_0.employee_id,e1_0.address,e1_0.dept_id,e1_0.desig_id,e1_0.email,e1_0.emergency_contact,e1_0.joining_date,e1_0.manager_id,e1_0.name,e1_0.password,e1_0.phone,e1_0.role,e1_0.salary,e1_0.security_answer,e1_0.security_question,e1_0.status from employee e1_0 where e1_0.email=?
Hibernate: select e1_0.employee_id,e1_0.address,e1_0.dept_id,e1_0.desig_id,e1_0.email,e1_0.emergency_contact,e1_0.joining_date,e1_0.manager_id,e1_0.name,e1_0.password,e1_0.phone,e1_0.role,e1_0.salary,e1_0.security_answer,e1_0.security_question,e1_0.status from employee e1_0 where e1_0.email=?
Hibernate: select e1_0.employee_id,e1_0.address,e1_0.dept_id,e1_0.desig_id,e1_0.email,e1_0.emergency_contact,e1_0.joining_date,e1_0.manager_id,e1_0.name,e1_0.password,e1_0.phone,e1_0.role,e1_0.salary,e1_0.security_answer,e1_0.security_question,e1_0.status from employee e1_0 where e1_0.email=?
Hibernate: select e1_0.employee_id,e1_0.address,e1_0.dept_id,e1_0.desig_id,e1_0.email,e1_0.emergency_contact,e1_0.joining_date,e1_0.manager_id,e1_0.name,e1_0.password,e1_0.phone,e1_0.role,e1_0.salary,e1_0.security_answer,e1_0.security_question,e1_0.status from employee e1_0 where e1_0.email=?
Hibernate: select e1_0.employee_id,e1_0.address,e1_0.dept_id,e1_0.desig_id,e1_0.email,e1_0.emergency_contact,e1_0.joining_date,e1_0.manager_id,e1_0.name,e1_0.password,e1_0.phone,e1_0.role,e1_0.salary,e1_0.security_answer,e1_0.security_question,e1_0.status from employee e1_0 where e1_0.email=?
Hibernate: select lb1_0.leave_balance_id,lb1_0.casual_leave,lb1_0.employee_id,lb1_0.paid_leave,lb1_0.sick_leave from leave_balance lb1_0 where lb1_0.employee_id=?
]]></system-out>
  </testcase>
  <testcase name="getAnnouncements_AdminOnly_Returns403ForOthers" classname="com.rev.app.integration.RoleAccessIntegrationTest" time="1.316">
    <system-out><![CDATA[Hibernate: select e1_0.employee_id,e1_0.address,e1_0.dept_id,e1_0.desig_id,e1_0.email,e1_0.emergency_contact,e1_0.joining_date,e1_0.manager_id,e1_0.name,e1_0.password,e1_0.phone,e1_0.role,e1_0.salary,e1_0.security_answer,e1_0.security_question,e1_0.status from employee e1_0 where e1_0.email=?
Hibernate: select e1_0.employee_id,e1_0.address,e1_0.dept_id,e1_0.desig_id,e1_0.email,e1_0.emergency_contact,e1_0.joining_date,e1_0.manager_id,e1_0.name,e1_0.password,e1_0.phone,e1_0.role,e1_0.salary,e1_0.security_answer,e1_0.security_question,e1_0.status from employee e1_0 where e1_0.email=?
Hibernate: select e1_0.employee_id,e1_0.address,e1_0.dept_id,e1_0.desig_id,e1_0.email,e1_0.emergency_contact,e1_0.joining_date,e1_0.manager_id,e1_0.name,e1_0.password,e1_0.phone,e1_0.role,e1_0.salary,e1_0.security_answer,e1_0.security_question,e1_0.status from employee e1_0 where e1_0.email=?
Hibernate: select e1_0.employee_id,e1_0.address,e1_0.dept_id,e1_0.desig_id,e1_0.email,e1_0.emergency_contact,e1_0.joining_date,e1_0.manager_id,e1_0.name,e1_0.password,e1_0.phone,e1_0.role,e1_0.salary,e1_0.security_answer,e1_0.security_question,e1_0.status from employee e1_0 where e1_0.email=?
Hibernate: select e1_0.employee_id,e1_0.address,e1_0.dept_id,e1_0.desig_id,e1_0.email,e1_0.emergency_contact,e1_0.joining_date,e1_0.manager_id,e1_0.name,e1_0.password,e1_0.phone,e1_0.role,e1_0.salary,e1_0.security_answer,e1_0.security_question,e1_0.status from employee e1_0 where e1_0.email=?
Hibernate: select e1_0.employee_id,e1_0.address,e1_0.dept_id,e1_0.desig_id,e1_0.email,e1_0.emergency_contact,e1_0.joining_date,e1_0.manager_id,e1_0.name,e1_0.password,e1_0.phone,e1_0.role,e1_0.salary,e1_0.security_answer,e1_0.security_question,e1_0.status from employee e1_0 where e1_0.email=?
Hibernate: select e1_0.employee_id,e1_0.address,e1_0.dept_id,e1_0.desig_id,e1_0.email,e1_0.emergency_contact,e1_0.joining_date,e1_0.manager_id,e1_0.name,e1_0.password,e1_0.phone,e1_0.role,e1_0.salary,e1_0.security_answer,e1_0.security_question,e1_0.status from employee e1_0 where e1_0.email=?
Hibernate: select a1_0.announcement_id,a1_0.content,a1_0.created_at,a1_0.created_by,a1_0.is_active,a1_0.title from announcement a1_0 where a1_0.is_active order by a1_0.created_at desc
Hibernate: select e1_0.employee_id,e1_0.address,e1_0.dept_id,e1_0.desig_id,e1_0.email,e1_0.emergency_contact,e1_0.joining_date,e1_0.manager_id,e1_0.name,e1_0.password,e1_0.phone,e1_0.role,e1_0.salary,e1_0.security_answer,e1_0.security_question,e1_0.status from employee e1_0 where e1_0.email=?
Hibernate: select e1_0.employee_id,e1_0.address,e1_0.dept_id,e1_0.desig_id,e1_0.email,e1_0.emergency_contact,e1_0.joining_date,e1_0.manager_id,e1_0.name,e1_0.password,e1_0.phone,e1_0.role,e1_0.salary,e1_0.security_answer,e1_0.security_question,e1_0.status from employee e1_0 where e1_0.email=?
]]></system-out>
  </testcase>
  <testcase name="noToken_ProtectedEndpoint_ReturnsRejected" classname="com.rev.app.integration.RoleAccessIntegrationTest" time="1.277">
    <system-out><![CDATA[Hibernate: select e1_0.employee_id,e1_0.address,e1_0.dept_id,e1_0.desig_id,e1_0.email,e1_0.emergency_contact,e1_0.joining_date,e1_0.manager_id,e1_0.name,e1_0.password,e1_0.phone,e1_0.role,e1_0.salary,e1_0.security_answer,e1_0.security_question,e1_0.status from employee e1_0 where e1_0.email=?
Hibernate: select e1_0.employee_id,e1_0.address,e1_0.dept_id,e1_0.desig_id,e1_0.email,e1_0.emergency_contact,e1_0.joining_date,e1_0.manager_id,e1_0.name,e1_0.password,e1_0.phone,e1_0.role,e1_0.salary,e1_0.security_answer,e1_0.security_question,e1_0.status from employee e1_0 where e1_0.email=?
Hibernate: select e1_0.employee_id,e1_0.address,e1_0.dept_id,e1_0.desig_id,e1_0.email,e1_0.emergency_contact,e1_0.joining_date,e1_0.manager_id,e1_0.name,e1_0.password,e1_0.phone,e1_0.role,e1_0.salary,e1_0.security_answer,e1_0.security_question,e1_0.status from employee e1_0 where e1_0.email=?
Hibernate: select e1_0.employee_id,e1_0.address,e1_0.dept_id,e1_0.desig_id,e1_0.email,e1_0.emergency_contact,e1_0.joining_date,e1_0.manager_id,e1_0.name,e1_0.password,e1_0.phone,e1_0.role,e1_0.salary,e1_0.security_answer,e1_0.security_question,e1_0.status from employee e1_0 where e1_0.email=?
Hibernate: select e1_0.employee_id,e1_0.address,e1_0.dept_id,e1_0.desig_id,e1_0.email,e1_0.emergency_contact,e1_0.joining_date,e1_0.manager_id,e1_0.name,e1_0.password,e1_0.phone,e1_0.role,e1_0.salary,e1_0.security_answer,e1_0.security_question,e1_0.status from employee e1_0 where e1_0.email=?
Hibernate: select e1_0.employee_id,e1_0.address,e1_0.dept_id,e1_0.desig_id,e1_0.email,e1_0.emergency_contact,e1_0.joining_date,e1_0.manager_id,e1_0.name,e1_0.password,e1_0.phone,e1_0.role,e1_0.salary,e1_0.security_answer,e1_0.security_question,e1_0.status from employee e1_0 where e1_0.email=?
]]></system-out>
  </testcase>
  <testcase name="getDesignations_AdminOnly_Returns403ForOthers" classname="com.rev.app.integration.RoleAccessIntegrationTest" time="1.354">
    <system-out><![CDATA[Hibernate: select e1_0.employee_id,e1_0.address,e1_0.dept_id,e1_0.desig_id,e1_0.email,e1_0.emergency_contact,e1_0.joining_date,e1_0.manager_id,e1_0.name,e1_0.password,e1_0.phone,e1_0.role,e1_0.salary,e1_0.security_answer,e1_0.security_question,e1_0.status from employee e1_0 where e1_0.email=?
Hibernate: select e1_0.employee_id,e1_0.address,e1_0.dept_id,e1_0.desig_id,e1_0.email,e1_0.emergency_contact,e1_0.joining_date,e1_0.manager_id,e1_0.name,e1_0.password,e1_0.phone,e1_0.role,e1_0.salary,e1_0.security_answer,e1_0.security_question,e1_0.status from employee e1_0 where e1_0.email=?
Hibernate: select e1_0.employee_id,e1_0.address,e1_0.dept_id,e1_0.desig_id,e1_0.email,e1_0.emergency_contact,e1_0.joining_date,e1_0.manager_id,e1_0.name,e1_0.password,e1_0.phone,e1_0.role,e1_0.salary,e1_0.security_answer,e1_0.security_question,e1_0.status from employee e1_0 where e1_0.email=?
Hibernate: select e1_0.employee_id,e1_0.address,e1_0.dept_id,e1_0.desig_id,e1_0.email,e1_0.emergency_contact,e1_0.joining_date,e1_0.manager_id,e1_0.name,e1_0.password,e1_0.phone,e1_0.role,e1_0.salary,e1_0.security_answer,e1_0.security_question,e1_0.status from employee e1_0 where e1_0.email=?
Hibernate: select e1_0.employee_id,e1_0.address,e1_0.dept_id,e1_0.desig_id,e1_0.email,e1_0.emergency_contact,e1_0.joining_date,e1_0.manager_id,e1_0.name,e1_0.password,e1_0.phone,e1_0.role,e1_0.salary,e1_0.security_answer,e1_0.security_question,e1_0.status from employee e1_0 where e1_0.email=?
Hibernate: select e1_0.employee_id,e1_0.address,e1_0.dept_id,e1_0.desig_id,e1_0.email,e1_0.emergency_contact,e1_0.joining_date,e1_0.manager_id,e1_0.name,e1_0.password,e1_0.phone,e1_0.role,e1_0.salary,e1_0.security_answer,e1_0.security_question,e1_0.status from employee e1_0 where e1_0.email=?
Hibernate: select e1_0.employee_id,e1_0.address,e1_0.dept_id,e1_0.desig_id,e1_0.email,e1_0.emergency_contact,e1_0.joining_date,e1_0.manager_id,e1_0.name,e1_0.password,e1_0.phone,e1_0.role,e1_0.salary,e1_0.security_answer,e1_0.security_question,e1_0.status from employee e1_0 where e1_0.email=?
Hibernate: select d1_0.desig_id,d1_0.desig_name from designation d1_0
Hibernate: select e1_0.employee_id,e1_0.address,e1_0.dept_id,e1_0.desig_id,e1_0.email,e1_0.emergency_contact,e1_0.joining_date,e1_0.manager_id,e1_0.name,e1_0.password,e1_0.phone,e1_0.role,e1_0.salary,e1_0.security_answer,e1_0.security_question,e1_0.status from employee e1_0 where e1_0.email=?
Hibernate: select e1_0.employee_id,e1_0.address,e1_0.dept_id,e1_0.desig_id,e1_0.email,e1_0.emergency_contact,e1_0.joining_date,e1_0.manager_id,e1_0.name,e1_0.password,e1_0.phone,e1_0.role,e1_0.salary,e1_0.security_answer,e1_0.security_question,e1_0.status from employee e1_0 where e1_0.email=?
]]></system-out>
  </testcase>
  <testcase name="getMyTeam_ManagerAndAdminOnly_Returns403ForEmployee" classname="com.rev.app.integration.RoleAccessIntegrationTest" time="1.382">
    <system-out><![CDATA[Hibernate: select e1_0.employee_id,e1_0.address,e1_0.dept_id,e1_0.desig_id,e1_0.email,e1_0.emergency_contact,e1_0.joining_date,e1_0.manager_id,e1_0.name,e1_0.password,e1_0.phone,e1_0.role,e1_0.salary,e1_0.security_answer,e1_0.security_question,e1_0.status from employee e1_0 where e1_0.email=?
Hibernate: select e1_0.employee_id,e1_0.address,e1_0.dept_id,e1_0.desig_id,e1_0.email,e1_0.emergency_contact,e1_0.joining_date,e1_0.manager_id,e1_0.name,e1_0.password,e1_0.phone,e1_0.role,e1_0.salary,e1_0.security_answer,e1_0.security_question,e1_0.status from employee e1_0 where e1_0.email=?
Hibernate: select e1_0.employee_id,e1_0.address,e1_0.dept_id,e1_0.desig_id,e1_0.email,e1_0.emergency_contact,e1_0.joining_date,e1_0.manager_id,e1_0.name,e1_0.password,e1_0.phone,e1_0.role,e1_0.salary,e1_0.security_answer,e1_0.security_question,e1_0.status from employee e1_0 where e1_0.email=?
Hibernate: select e1_0.employee_id,e1_0.address,e1_0.dept_id,e1_0.desig_id,e1_0.email,e1_0.emergency_contact,e1_0.joining_date,e1_0.manager_id,e1_0.name,e1_0.password,e1_0.phone,e1_0.role,e1_0.salary,e1_0.security_answer,e1_0.security_question,e1_0.status from employee e1_0 where e1_0.email=?
Hibernate: select e1_0.employee_id,e1_0.address,e1_0.dept_id,e1_0.desig_id,e1_0.email,e1_0.emergency_contact,e1_0.joining_date,e1_0.manager_id,e1_0.name,e1_0.password,e1_0.phone,e1_0.role,e1_0.salary,e1_0.security_answer,e1_0.security_question,e1_0.status from employee e1_0 where e1_0.email=?
Hibernate: select e1_0.employee_id,e1_0.address,e1_0.dept_id,e1_0.desig_id,e1_0.email,e1_0.emergency_contact,e1_0.joining_date,e1_0.manager_id,e1_0.name,e1_0.password,e1_0.phone,e1_0.role,e1_0.salary,e1_0.security_answer,e1_0.security_question,e1_0.status from employee e1_0 where e1_0.email=?
Hibernate: select e1_0.employee_id,e1_0.address,e1_0.dept_id,e1_0.desig_id,e1_0.email,e1_0.emergency_contact,e1_0.joining_date,e1_0.manager_id,e1_0.name,e1_0.password,e1_0.phone,e1_0.role,e1_0.salary,e1_0.security_answer,e1_0.security_question,e1_0.status from employee e1_0 where e1_0.email=?
Hibernate: select e1_0.employee_id,e1_0.address,e1_0.dept_id,e1_0.desig_id,e1_0.email,e1_0.emergency_contact,e1_0.joining_date,e1_0.manager_id,e1_0.name,e1_0.password,e1_0.phone,e1_0.role,e1_0.salary,e1_0.security_answer,e1_0.security_question,e1_0.status from employee e1_0 where e1_0.email=?
Hibernate: select e1_0.employee_id,e1_0.address,e1_0.dept_id,e1_0.desig_id,e1_0.email,e1_0.emergency_contact,e1_0.joining_date,e1_0.manager_id,e1_0.name,e1_0.password,e1_0.phone,e1_0.role,e1_0.salary,e1_0.security_answer,e1_0.security_question,e1_0.status from employee e1_0 where e1_0.manager_id=?
Hibernate: select d1_0.dept_id,d1_0.dept_name from department d1_0 where d1_0.dept_id=?
Hibernate: select d1_0.desig_id,d1_0.desig_name from designation d1_0 where d1_0.desig_id=?
Hibernate: select e1_0.employee_id,e1_0.address,e1_0.dept_id,e1_0.desig_id,e1_0.email,e1_0.emergency_contact,e1_0.joining_date,e1_0.manager_id,e1_0.name,e1_0.password,e1_0.phone,e1_0.role,e1_0.salary,e1_0.security_answer,e1_0.security_question,e1_0.status from employee e1_0 where e1_0.email=?
Hibernate: select e1_0.employee_id,e1_0.address,e1_0.dept_id,e1_0.desig_id,e1_0.email,e1_0.emergency_contact,e1_0.joining_date,e1_0.manager_id,e1_0.name,e1_0.password,e1_0.phone,e1_0.role,e1_0.salary,e1_0.security_answer,e1_0.security_question,e1_0.status from employee e1_0 where e1_0.email=?
Hibernate: select e1_0.employee_id,e1_0.address,e1_0.dept_id,e1_0.desig_id,e1_0.email,e1_0.emergency_contact,e1_0.joining_date,e1_0.manager_id,e1_0.name,e1_0.password,e1_0.phone,e1_0.role,e1_0.salary,e1_0.security_answer,e1_0.security_question,e1_0.status from employee e1_0 where e1_0.manager_id=?
Hibernate: select d1_0.dept_id,d1_0.dept_name from department d1_0 where d1_0.dept_id=?
Hibernate: select d1_0.desig_id,d1_0.desig_name from designation d1_0 where d1_0.desig_id=?
Hibernate: select e1_0.employee_id,e1_0.address,e1_0.dept_id,e1_0.desig_id,e1_0.email,e1_0.emergency_contact,e1_0.joining_date,e1_0.manager_id,e1_0.name,e1_0.password,e1_0.phone,e1_0.role,e1_0.salary,e1_0.security_answer,e1_0.security_question,e1_0.status from employee e1_0 where e1_0.email=?
]]></system-out>
  </testcase>
  <testcase name="employee_CanAccessDashboard" classname="com.rev.app.integration.RoleAccessIntegrationTest" time="1.293">
    <system-out><![CDATA[Hibernate: select e1_0.employee_id,e1_0.address,e1_0.dept_id,e1_0.desig_id,e1_0.email,e1_0.emergency_contact,e1_0.joining_date,e1_0.manager_id,e1_0.name,e1_0.password,e1_0.phone,e1_0.role,e1_0.salary,e1_0.security_answer,e1_0.security_question,e1_0.status from employee e1_0 where e1_0.email=?
Hibernate: select e1_0.employee_id,e1_0.address,e1_0.dept_id,e1_0.desig_id,e1_0.email,e1_0.emergency_contact,e1_0.joining_date,e1_0.manager_id,e1_0.name,e1_0.password,e1_0.phone,e1_0.role,e1_0.salary,e1_0.security_answer,e1_0.security_question,e1_0.status from employee e1_0 where e1_0.email=?
Hibernate: select e1_0.employee_id,e1_0.address,e1_0.dept_id,e1_0.desig_id,e1_0.email,e1_0.emergency_contact,e1_0.joining_date,e1_0.manager_id,e1_0.name,e1_0.password,e1_0.phone,e1_0.role,e1_0.salary,e1_0.security_answer,e1_0.security_question,e1_0.status from employee e1_0 where e1_0.email=?
Hibernate: select e1_0.employee_id,e1_0.address,e1_0.dept_id,e1_0.desig_id,e1_0.email,e1_0.emergency_contact,e1_0.joining_date,e1_0.manager_id,e1_0.name,e1_0.password,e1_0.phone,e1_0.role,e1_0.salary,e1_0.security_answer,e1_0.security_question,e1_0.status from employee e1_0 where e1_0.email=?
Hibernate: select e1_0.employee_id,e1_0.address,e1_0.dept_id,e1_0.desig_id,e1_0.email,e1_0.emergency_contact,e1_0.joining_date,e1_0.manager_id,e1_0.name,e1_0.password,e1_0.phone,e1_0.role,e1_0.salary,e1_0.security_answer,e1_0.security_question,e1_0.status from employee e1_0 where e1_0.email=?
Hibernate: select e1_0.employee_id,e1_0.address,e1_0.dept_id,e1_0.desig_id,e1_0.email,e1_0.emergency_contact,e1_0.joining_date,e1_0.manager_id,e1_0.name,e1_0.password,e1_0.phone,e1_0.role,e1_0.salary,e1_0.security_answer,e1_0.security_question,e1_0.status from employee e1_0 where e1_0.email=?
Hibernate: select e1_0.employee_id,e1_0.address,e1_0.dept_id,e1_0.desig_id,e1_0.email,e1_0.emergency_contact,e1_0.joining_date,e1_0.manager_id,e1_0.name,e1_0.password,e1_0.phone,e1_0.role,e1_0.salary,e1_0.security_answer,e1_0.security_question,e1_0.status from employee e1_0 where e1_0.email=?
Hibernate: select e1_0.employee_id,e1_0.address,e1_0.dept_id,e1_0.desig_id,e1_0.email,e1_0.emergency_contact,e1_0.joining_date,e1_0.manager_id,e1_0.name,e1_0.password,e1_0.phone,e1_0.role,e1_0.salary,e1_0.security_answer,e1_0.security_question,e1_0.status from employee e1_0 where e1_0.email=?
Hibernate: select lb1_0.leave_balance_id,lb1_0.casual_leave,lb1_0.employee_id,lb1_0.paid_leave,lb1_0.sick_leave from leave_balance lb1_0 where lb1_0.employee_id=?
Hibernate: select count(n1_0.notification_id) from notification n1_0 where n1_0.employee_id=? and not(n1_0.is_read)
Hibernate: select la1_0.leave_id,la1_0.applied_on,la1_0.employee_id,la1_0.from_date,la1_0.leave_type,la1_0.manager_id,la1_0.manager_comments,la1_0.reason,la1_0.status,la1_0.to_date from leave_application la1_0 where la1_0.employee_id=? and la1_0.status=?
]]></system-out>
  </testcase>
  <testcase name="employee_CanAccessDirectory" classname="com.rev.app.integration.RoleAccessIntegrationTest" time="1.298">
    <system-out><![CDATA[Hibernate: select e1_0.employee_id,e1_0.address,e1_0.dept_id,e1_0.desig_id,e1_0.email,e1_0.emergency_contact,e1_0.joining_date,e1_0.manager_id,e1_0.name,e1_0.password,e1_0.phone,e1_0.role,e1_0.salary,e1_0.security_answer,e1_0.security_question,e1_0.status from employee e1_0 where e1_0.email=?
Hibernate: select e1_0.employee_id,e1_0.address,e1_0.dept_id,e1_0.desig_id,e1_0.email,e1_0.emergency_contact,e1_0.joining_date,e1_0.manager_id,e1_0.name,e1_0.password,e1_0.phone,e1_0.role,e1_0.salary,e1_0.security_answer,e1_0.security_question,e1_0.status from employee e1_0 where e1_0.email=?
Hibernate: select e1_0.employee_id,e1_0.address,e1_0.dept_id,e1_0.desig_id,e1_0.email,e1_0.emergency_contact,e1_0.joining_date,e1_0.manager_id,e1_0.name,e1_0.password,e1_0.phone,e1_0.role,e1_0.salary,e1_0.security_answer,e1_0.security_question,e1_0.status from employee e1_0 where e1_0.email=?
Hibernate: select e1_0.employee_id,e1_0.address,e1_0.dept_id,e1_0.desig_id,e1_0.email,e1_0.emergency_contact,e1_0.joining_date,e1_0.manager_id,e1_0.name,e1_0.password,e1_0.phone,e1_0.role,e1_0.salary,e1_0.security_answer,e1_0.security_question,e1_0.status from employee e1_0 where e1_0.email=?
Hibernate: select e1_0.employee_id,e1_0.address,e1_0.dept_id,e1_0.desig_id,e1_0.email,e1_0.emergency_contact,e1_0.joining_date,e1_0.manager_id,e1_0.name,e1_0.password,e1_0.phone,e1_0.role,e1_0.salary,e1_0.security_answer,e1_0.security_question,e1_0.status from employee e1_0 where e1_0.email=?
Hibernate: select e1_0.employee_id,e1_0.address,e1_0.dept_id,e1_0.desig_id,e1_0.email,e1_0.emergency_contact,e1_0.joining_date,e1_0.manager_id,e1_0.name,e1_0.password,e1_0.phone,e1_0.role,e1_0.salary,e1_0.security_answer,e1_0.security_question,e1_0.status from employee e1_0 where e1_0.email=?
Hibernate: select e1_0.employee_id,e1_0.address,e1_0.dept_id,e1_0.desig_id,e1_0.email,e1_0.emergency_contact,e1_0.joining_date,e1_0.manager_id,e1_0.name,e1_0.password,e1_0.phone,e1_0.role,e1_0.salary,e1_0.security_answer,e1_0.security_question,e1_0.status from employee e1_0 where e1_0.email=?
Hibernate: select e1_0.employee_id,e1_0.address,e1_0.dept_id,e1_0.desig_id,e1_0.email,e1_0.emergency_contact,e1_0.joining_date,e1_0.manager_id,e1_0.name,e1_0.password,e1_0.phone,e1_0.role,e1_0.salary,e1_0.security_answer,e1_0.security_question,e1_0.status from employee e1_0 where e1_0.status='ACTIVE' order by e1_0.name
Hibernate: select d1_0.dept_id,d1_0.dept_name from department d1_0 where d1_0.dept_id=?
Hibernate: select d1_0.desig_id,d1_0.desig_name from designation d1_0 where d1_0.desig_id=?
Hibernate: select d1_0.dept_id,d1_0.dept_name from department d1_0 where d1_0.dept_id=?
Hibernate: select d1_0.desig_id,d1_0.desig_name from designation d1_0 where d1_0.desig_id=?
Hibernate: select d1_0.desig_id,d1_0.desig_name from designation d1_0 where d1_0.desig_id=?
]]></system-out>
  </testcase>
  <testcase name="employee_CanAccessOwnLeaveHistory" classname="com.rev.app.integration.RoleAccessIntegrationTest" time="1.284">
    <system-out><![CDATA[Hibernate: select e1_0.employee_id,e1_0.address,e1_0.dept_id,e1_0.desig_id,e1_0.email,e1_0.emergency_contact,e1_0.joining_date,e1_0.manager_id,e1_0.name,e1_0.password,e1_0.phone,e1_0.role,e1_0.salary,e1_0.security_answer,e1_0.security_question,e1_0.status from employee e1_0 where e1_0.email=?
Hibernate: select e1_0.employee_id,e1_0.address,e1_0.dept_id,e1_0.desig_id,e1_0.email,e1_0.emergency_contact,e1_0.joining_date,e1_0.manager_id,e1_0.name,e1_0.password,e1_0.phone,e1_0.role,e1_0.salary,e1_0.security_answer,e1_0.security_question,e1_0.status from employee e1_0 where e1_0.email=?
Hibernate: select e1_0.employee_id,e1_0.address,e1_0.dept_id,e1_0.desig_id,e1_0.email,e1_0.emergency_contact,e1_0.joining_date,e1_0.manager_id,e1_0.name,e1_0.password,e1_0.phone,e1_0.role,e1_0.salary,e1_0.security_answer,e1_0.security_question,e1_0.status from employee e1_0 where e1_0.email=?
Hibernate: select e1_0.employee_id,e1_0.address,e1_0.dept_id,e1_0.desig_id,e1_0.email,e1_0.emergency_contact,e1_0.joining_date,e1_0.manager_id,e1_0.name,e1_0.password,e1_0.phone,e1_0.role,e1_0.salary,e1_0.security_answer,e1_0.security_question,e1_0.status from employee e1_0 where e1_0.email=?
Hibernate: select e1_0.employee_id,e1_0.address,e1_0.dept_id,e1_0.desig_id,e1_0.email,e1_0.emergency_contact,e1_0.joining_date,e1_0.manager_id,e1_0.name,e1_0.password,e1_0.phone,e1_0.role,e1_0.salary,e1_0.security_answer,e1_0.security_question,e1_0.status from employee e1_0 where e1_0.email=?
Hibernate: select e1_0.employee_id,e1_0.address,e1_0.dept_id,e1_0.desig_id,e1_0.email,e1_0.emergency_contact,e1_0.joining_date,e1_0.manager_id,e1_0.name,e1_0.password,e1_0.phone,e1_0.role,e1_0.salary,e1_0.security_answer,e1_0.security_question,e1_0.status from employee e1_0 where e1_0.email=?
Hibernate: select e1_0.employee_id,e1_0.address,e1_0.dept_id,e1_0.desig_id,e1_0.email,e1_0.emergency_contact,e1_0.joining_date,e1_0.manager_id,e1_0.name,e1_0.password,e1_0.phone,e1_0.role,e1_0.salary,e1_0.security_answer,e1_0.security_question,e1_0.status from employee e1_0 where e1_0.email=?
Hibernate: select e1_0.employee_id,e1_0.address,e1_0.dept_id,e1_0.desig_id,e1_0.email,e1_0.emergency_contact,e1_0.joining_date,e1_0.manager_id,e1_0.name,e1_0.password,e1_0.phone,e1_0.role,e1_0.salary,e1_0.security_answer,e1_0.security_question,e1_0.status from employee e1_0 where e1_0.email=?
Hibernate: select la1_0.leave_id,la1_0.applied_on,la1_0.employee_id,la1_0.from_date,la1_0.leave_type,la1_0.manager_id,la1_0.manager_comments,la1_0.reason,la1_0.status,la1_0.to_date from leave_application la1_0 where la1_0.employee_id=?
]]></system-out>
  </testcase>
  <testcase name="employee_CanAccessOwnProfile" classname="com.rev.app.integration.RoleAccessIntegrationTest" time="1.281">
    <system-out><![CDATA[Hibernate: select e1_0.employee_id,e1_0.address,e1_0.dept_id,e1_0.desig_id,e1_0.email,e1_0.emergency_contact,e1_0.joining_date,e1_0.manager_id,e1_0.name,e1_0.password,e1_0.phone,e1_0.role,e1_0.salary,e1_0.security_answer,e1_0.security_question,e1_0.status from employee e1_0 where e1_0.email=?
Hibernate: select e1_0.employee_id,e1_0.address,e1_0.dept_id,e1_0.desig_id,e1_0.email,e1_0.emergency_contact,e1_0.joining_date,e1_0.manager_id,e1_0.name,e1_0.password,e1_0.phone,e1_0.role,e1_0.salary,e1_0.security_answer,e1_0.security_question,e1_0.status from employee e1_0 where e1_0.email=?
Hibernate: select e1_0.employee_id,e1_0.address,e1_0.dept_id,e1_0.desig_id,e1_0.email,e1_0.emergency_contact,e1_0.joining_date,e1_0.manager_id,e1_0.name,e1_0.password,e1_0.phone,e1_0.role,e1_0.salary,e1_0.security_answer,e1_0.security_question,e1_0.status from employee e1_0 where e1_0.email=?
Hibernate: select e1_0.employee_id,e1_0.address,e1_0.dept_id,e1_0.desig_id,e1_0.email,e1_0.emergency_contact,e1_0.joining_date,e1_0.manager_id,e1_0.name,e1_0.password,e1_0.phone,e1_0.role,e1_0.salary,e1_0.security_answer,e1_0.security_question,e1_0.status from employee e1_0 where e1_0.email=?
Hibernate: select e1_0.employee_id,e1_0.address,e1_0.dept_id,e1_0.desig_id,e1_0.email,e1_0.emergency_contact,e1_0.joining_date,e1_0.manager_id,e1_0.name,e1_0.password,e1_0.phone,e1_0.role,e1_0.salary,e1_0.security_answer,e1_0.security_question,e1_0.status from employee e1_0 where e1_0.email=?
Hibernate: select e1_0.employee_id,e1_0.address,e1_0.dept_id,e1_0.desig_id,e1_0.email,e1_0.emergency_contact,e1_0.joining_date,e1_0.manager_id,e1_0.name,e1_0.password,e1_0.phone,e1_0.role,e1_0.salary,e1_0.security_answer,e1_0.security_question,e1_0.status from employee e1_0 where e1_0.email=?
Hibernate: select e1_0.employee_id,e1_0.address,e1_0.dept_id,e1_0.desig_id,e1_0.email,e1_0.emergency_contact,e1_0.joining_date,e1_0.manager_id,e1_0.name,e1_0.password,e1_0.phone,e1_0.role,e1_0.salary,e1_0.security_answer,e1_0.security_question,e1_0.status from employee e1_0 where e1_0.email=?
Hibernate: select e1_0.employee_id,e1_0.address,e1_0.dept_id,e1_0.desig_id,e1_0.email,e1_0.emergency_contact,e1_0.joining_date,e1_0.manager_id,e1_0.name,e1_0.password,e1_0.phone,e1_0.role,e1_0.salary,e1_0.security_answer,e1_0.security_question,e1_0.status from employee e1_0 where e1_0.email=?
Hibernate: select d1_0.dept_id,d1_0.dept_name from department d1_0 where d1_0.dept_id=?
Hibernate: select d1_0.desig_id,d1_0.desig_name from designation d1_0 where d1_0.desig_id=?
Hibernate: select e1_0.employee_id,e1_0.address,e1_0.dept_id,e1_0.desig_id,e1_0.email,e1_0.emergency_contact,e1_0.joining_date,e1_0.manager_id,e1_0.name,e1_0.password,e1_0.phone,e1_0.role,e1_0.salary,e1_0.security_answer,e1_0.security_question,e1_0.status from employee e1_0 where e1_0.employee_id=?
]]></system-out>
  </testcase>
  <testcase name="createEmployee_AdminOnly_Returns403ForOthers" classname="com.rev.app.integration.RoleAccessIntegrationTest" time="1.322">
    <system-out><![CDATA[Hibernate: select e1_0.employee_id,e1_0.address,e1_0.dept_id,e1_0.desig_id,e1_0.email,e1_0.emergency_contact,e1_0.joining_date,e1_0.manager_id,e1_0.name,e1_0.password,e1_0.phone,e1_0.role,e1_0.salary,e1_0.security_answer,e1_0.security_question,e1_0.status from employee e1_0 where e1_0.email=?
Hibernate: select e1_0.employee_id,e1_0.address,e1_0.dept_id,e1_0.desig_id,e1_0.email,e1_0.emergency_contact,e1_0.joining_date,e1_0.manager_id,e1_0.name,e1_0.password,e1_0.phone,e1_0.role,e1_0.salary,e1_0.security_answer,e1_0.security_question,e1_0.status from employee e1_0 where e1_0.email=?
Hibernate: select e1_0.employee_id,e1_0.address,e1_0.dept_id,e1_0.desig_id,e1_0.email,e1_0.emergency_contact,e1_0.joining_date,e1_0.manager_id,e1_0.name,e1_0.password,e1_0.phone,e1_0.role,e1_0.salary,e1_0.security_answer,e1_0.security_question,e1_0.status from employee e1_0 where e1_0.email=?
Hibernate: select e1_0.employee_id,e1_0.address,e1_0.dept_id,e1_0.desig_id,e1_0.email,e1_0.emergency_contact,e1_0.joining_date,e1_0.manager_id,e1_0.name,e1_0.password,e1_0.phone,e1_0.role,e1_0.salary,e1_0.security_answer,e1_0.security_question,e1_0.status from employee e1_0 where e1_0.email=?
Hibernate: select e1_0.employee_id,e1_0.address,e1_0.dept_id,e1_0.desig_id,e1_0.email,e1_0.emergency_contact,e1_0.joining_date,e1_0.manager_id,e1_0.name,e1_0.password,e1_0.phone,e1_0.role,e1_0.salary,e1_0.security_answer,e1_0.security_question,e1_0.status from employee e1_0 where e1_0.email=?
Hibernate: select e1_0.employee_id,e1_0.address,e1_0.dept_id,e1_0.desig_id,e1_0.email,e1_0.emergency_contact,e1_0.joining_date,e1_0.manager_id,e1_0.name,e1_0.password,e1_0.phone,e1_0.role,e1_0.salary,e1_0.security_answer,e1_0.security_question,e1_0.status from employee e1_0 where e1_0.email=?
Hibernate: select e1_0.employee_id,e1_0.address,e1_0.dept_id,e1_0.desig_id,e1_0.email,e1_0.emergency_contact,e1_0.joining_date,e1_0.manager_id,e1_0.name,e1_0.password,e1_0.phone,e1_0.role,e1_0.salary,e1_0.security_answer,e1_0.security_question,e1_0.status from employee e1_0 where e1_0.email=?
Hibernate: select e1_0.employee_id,e1_0.address,e1_0.dept_id,e1_0.desig_id,e1_0.email,e1_0.emergency_contact,e1_0.joining_date,e1_0.manager_id,e1_0.name,e1_0.password,e1_0.phone,e1_0.role,e1_0.salary,e1_0.security_answer,e1_0.security_question,e1_0.status from employee e1_0 where e1_0.email=?
]]></system-out>
  </testcase>
  <testcase name="getDepartments_AdminOnly_Returns403ForOthers" classname="com.rev.app.integration.RoleAccessIntegrationTest" time="1.309">
    <system-out><![CDATA[Hibernate: select e1_0.employee_id,e1_0.address,e1_0.dept_id,e1_0.desig_id,e1_0.email,e1_0.emergency_contact,e1_0.joining_date,e1_0.manager_id,e1_0.name,e1_0.password,e1_0.phone,e1_0.role,e1_0.salary,e1_0.security_answer,e1_0.security_question,e1_0.status from employee e1_0 where e1_0.email=?
Hibernate: select e1_0.employee_id,e1_0.address,e1_0.dept_id,e1_0.desig_id,e1_0.email,e1_0.emergency_contact,e1_0.joining_date,e1_0.manager_id,e1_0.name,e1_0.password,e1_0.phone,e1_0.role,e1_0.salary,e1_0.security_answer,e1_0.security_question,e1_0.status from employee e1_0 where e1_0.email=?
Hibernate: select e1_0.employee_id,e1_0.address,e1_0.dept_id,e1_0.desig_id,e1_0.email,e1_0.emergency_contact,e1_0.joining_date,e1_0.manager_id,e1_0.name,e1_0.password,e1_0.phone,e1_0.role,e1_0.salary,e1_0.security_answer,e1_0.security_question,e1_0.status from employee e1_0 where e1_0.email=?
Hibernate: select e1_0.employee_id,e1_0.address,e1_0.dept_id,e1_0.desig_id,e1_0.email,e1_0.emergency_contact,e1_0.joining_date,e1_0.manager_id,e1_0.name,e1_0.password,e1_0.phone,e1_0.role,e1_0.salary,e1_0.security_answer,e1_0.security_question,e1_0.status from employee e1_0 where e1_0.email=?
Hibernate: select e1_0.employee_id,e1_0.address,e1_0.dept_id,e1_0.desig_id,e1_0.email,e1_0.emergency_contact,e1_0.joining_date,e1_0.manager_id,e1_0.name,e1_0.password,e1_0.phone,e1_0.role,e1_0.salary,e1_0.security_answer,e1_0.security_question,e1_0.status from employee e1_0 where e1_0.email=?
Hibernate: select e1_0.employee_id,e1_0.address,e1_0.dept_id,e1_0.desig_id,e1_0.email,e1_0.emergency_contact,e1_0.joining_date,e1_0.manager_id,e1_0.name,e1_0.password,e1_0.phone,e1_0.role,e1_0.salary,e1_0.security_answer,e1_0.security_question,e1_0.status from employee e1_0 where e1_0.email=?
Hibernate: select e1_0.employee_id,e1_0.address,e1_0.dept_id,e1_0.desig_id,e1_0.email,e1_0.emergency_contact,e1_0.joining_date,e1_0.manager_id,e1_0.name,e1_0.password,e1_0.phone,e1_0.role,e1_0.salary,e1_0.security_answer,e1_0.security_question,e1_0.status from employee e1_0 where e1_0.email=?
Hibernate: select d1_0.dept_id,d1_0.dept_name from department d1_0
Hibernate: select e1_0.employee_id,e1_0.address,e1_0.dept_id,e1_0.desig_id,e1_0.email,e1_0.emergency_contact,e1_0.joining_date,e1_0.manager_id,e1_0.name,e1_0.password,e1_0.phone,e1_0.role,e1_0.salary,e1_0.security_answer,e1_0.security_question,e1_0.status from employee e1_0 where e1_0.email=?
Hibernate: select e1_0.employee_id,e1_0.address,e1_0.dept_id,e1_0.desig_id,e1_0.email,e1_0.emergency_contact,e1_0.joining_date,e1_0.manager_id,e1_0.name,e1_0.password,e1_0.phone,e1_0.role,e1_0.salary,e1_0.security_answer,e1_0.security_question,e1_0.status from employee e1_0 where e1_0.email=?
]]></system-out>
  </testcase>
</testsuite>