# JRE version: OpenJDK Runtime Environment Temurin-21.0.10+7 (21.0.10+7) (build 21.0.10+7-LTS)
# Java VM: OpenJDK 64-Bit Server VM Temurin-21.0.10+7 (21.0.10+7-LTS, mixed mode, sharing, tiered, compressed oops, compressed class ptrs, parallel gc, windows-amd64)
GC Precious Log:
 CardTable entry size: 512
 CPUs: 8 total, 8 available
 Memory: 15610M
 Large Page Support: Disabled
 NUMA Support: Disabled
 Compressed Oops: Enabled (32-bit)
 Alignments: Space 512K, Generation 512K, Heap 2M
 Heap Min Capacity: 100M
 Heap Initial Capacity: 100M
 Heap Max Capacity: 2G
 Pre-touch: Disabled
 Parallel Workers: 8
Heap:
 PSYoungGen      total 20992K, used 18474K [0x00000000d5580000, 0x00000000d6d00000, 0x0000000100000000)
  eden space 18944K, 89% used [0x00000000d5580000,0x00000000d6601f20,0x00000000d6800000)
  from space 2048K, 76% used [0x00000000d6800000,0x00000000d6988cb0,0x00000000d6a00000)
  to   space 2560K, 0% used [0x00000000d6a80000,0x00000000d6a80000,0x00000000d6d00000)
 ParOldGen       total 68608K, used 41759K [0x0000000080000000, 0x0000000084300000, 0x00000000d5580000)
  object space 68608K, 60% used [0x0000000080000000,0x00000000828c7cf0,0x0000000084300000)
 Metaspace       used 44562K, committed 45696K, reserved 1114112K
  class space    used 4466K, committed 4992K, reserved 1048576K
GC Heap History (20 events):
Event: 13.326 GC heap before
{Heap before GC invocations=20 (full 2):
 PSYoungGen      total 22528K, used 22403K [0x00000000d5580000, 0x00000000d6f00000, 0x0000000100000000)
  eden space 19968K, 99% used [0x00000000d5580000,0x00000000d68ff7d0,0x00000000d6900000)
  from space 2560K, 95% used [0x00000000d6900000,0x00000000d6b61710,0x00000000d6b80000)
  to   space 3072K, 0% used [0x00000000d6c00000,0x00000000d6c00000,0x00000000d6f00000)
 ParOldGen       total 68608K, used 26546K [0x0000000080000000, 0x0000000084300000, 0x00000000d5580000)
  object space 68608K, 38% used [0x0000000080000000,0x00000000819ec868,0x0000000084300000)
 Metaspace       used 36702K, committed 37568K, reserved 1114112K
  class space    used 3761K, committed 4160K, reserved 1048576K
}
Event: 13.332 GC heap after
{Heap after GC invocations=20 (full 2):
 PSYoungGen      total 22016K, used 1872K [0x00000000d5580000, 0x00000000d6e00000, 0x0000000100000000)
  eden space 19968K, 0% used [0x00000000d5580000,0x00000000d5580000,0x00000000d6900000)
  from space 2048K, 91% used [0x00000000d6c00000,0x00000000d6dd4020,0x00000000d6e00000)
  to   space 2560K, 0% used [0x00000000d6900000,0x00000000d6900000,0x00000000d6b80000)
 ParOldGen       total 68608K, used 28831K [0x0000000080000000, 0x0000000084300000, 0x00000000d5580000)
  object space 68608K, 42% used [0x0000000080000000,0x0000000081c27f78,0x0000000084300000)
 Metaspace       used 36702K, committed 37568K, reserved 1114112K
  class space    used 3761K, committed 4160K, reserved 1048576K
}
Event: 13.904 GC heap before
{Heap before GC invocations=21 (full 2):
 PSYoungGen      total 22016K, used 21840K [0x00000000d5580000, 0x00000000d6e00000, 0x0000000100000000)
  eden space 19968K, 100% used [0x00000000d5580000,0x00000000d6900000,0x00000000d6900000)
  from space 2048K, 91% used [0x00000000d6c00000,0x00000000d6dd4020,0x00000000d6e00000)
  to   space 2560K, 0% used [0x00000000d6900000,0x00000000d6900000,0x00000000d6b80000)
 ParOldGen       total 68608K, used 28831K [0x0000000080000000, 0x0000000084300000, 0x00000000d5580000)
  object space 68608K, 42% used [0x0000000080000000,0x0000000081c27f78,0x0000000084300000)
 Metaspace       used 38079K, committed 39040K, reserved 1114112K
  class space    used 3899K, committed 4352K, reserved 1048576K
}
Event: 13.910 GC heap after
{Heap after GC invocations=21 (full 2):
 PSYoungGen      total 22528K, used 2558K [0x00000000d5580000, 0x00000000d7300000, 0x0000000100000000)
  eden space 19968K, 0% used [0x00000000d5580000,0x00000000d5580000,0x00000000d6900000)
  from space 2560K, 99% used [0x00000000d6900000,0x00000000d6b7f988,0x00000000d6b80000)
  to   space 5120K, 0% used [0x00000000d6e00000,0x00000000d6e00000,0x00000000d7300000)
 ParOldGen       total 68608K, used 30475K [0x0000000080000000, 0x0000000084300000, 0x00000000d5580000)
  object space 68608K, 44% used [0x0000000080000000,0x0000000081dc2f60,0x0000000084300000)
 Metaspace       used 38079K, committed 39040K, reserved 1114112K
  class space    used 3899K, committed 4352K, reserved 1048576K
}
Event: 14.042 GC heap before
{Heap before GC invocations=22 (full 2):
 PSYoungGen      total 22528K, used 22513K [0x00000000d5580000, 0x00000000d7300000, 0x0000000100000000)
  eden space 19968K, 99% used [0x00000000d5580000,0x00000000d68fcde8,0x00000000d6900000)
  from space 2560K, 99% used [0x00000000d6900000,0x00000000d6b7f988,0x00000000d6b80000)
  to   space 5120K, 0% used [0x00000000d6e00000,0x00000000d6e00000,0x00000000d7300000)
 ParOldGen       total 68608K, used 30475K [0x0000000080000000, 0x0000000084300000, 0x00000000d5580000)
  object space 68608K, 44% used [0x0000000080000000,0x0000000081dc2f60,0x0000000084300000)
 Metaspace       used 38289K, committed 39232K, reserved 1114112K
  class space    used 3914K, committed 4352K, reserved 1048576K
}
Event: 14.045 GC heap after
{Heap after GC invocations=22 (full 2):
 PSYoungGen      total 22016K, used 1580K [0x00000000d5580000, 0x00000000d7000000, 0x0000000100000000)
  eden space 19968K, 0% used [0x00000000d5580000,0x00000000d5580000,0x00000000d6900000)
  from space 2048K, 77% used [0x00000000d6e00000,0x00000000d6f8b018,0x00000000d7000000)
  to   space 2560K, 0% used [0x00000000d6b00000,0x00000000d6b00000,0x00000000d6d80000)
 ParOldGen       total 68608K, used 33015K [0x0000000080000000, 0x0000000084300000, 0x00000000d5580000)
  object space 68608K, 48% used [0x0000000080000000,0x000000008203ded0,0x0000000084300000)
 Metaspace       used 38289K, committed 39232K, reserved 1114112K
  class space    used 3914K, committed 4352K, reserved 1048576K
}
Event: 14.167 GC heap before
{Heap before GC invocations=23 (full 2):
 PSYoungGen      total 22016K, used 21548K [0x00000000d5580000, 0x00000000d7000000, 0x0000000100000000)
  eden space 19968K, 100% used [0x00000000d5580000,0x00000000d6900000,0x00000000d6900000)
  from space 2048K, 77% used [0x00000000d6e00000,0x00000000d6f8b018,0x00000000d7000000)
  to   space 2560K, 0% used [0x00000000d6b00000,0x00000000d6b00000,0x00000000d6d80000)
 ParOldGen       total 68608K, used 33015K [0x0000000080000000, 0x0000000084300000, 0x00000000d5580000)
  object space 68608K, 48% used [0x0000000080000000,0x000000008203ded0,0x0000000084300000)
 Metaspace       used 39075K, committed 40000K, reserved 1114112K
  class space    used 3981K, committed 4416K, reserved 1048576K
}
Event: 14.168 GC heap after
{Heap after GC invocations=23 (full 2):
 PSYoungGen      total 22528K, used 160K [0x00000000d5580000, 0x00000000d6e80000, 0x0000000100000000)
  eden space 19968K, 0% used [0x00000000d5580000,0x00000000d5580000,0x00000000d6900000)
  from space 2560K, 6% used [0x00000000d6b00000,0x00000000d6b28000,0x00000000d6d80000)
  to   space 1024K, 0% used [0x00000000d6d80000,0x00000000d6d80000,0x00000000d6e80000)
 ParOldGen       total 68608K, used 33087K [0x0000000080000000, 0x0000000084300000, 0x00000000d5580000)
  object space 68608K, 48% used [0x0000000080000000,0x000000008204fed0,0x0000000084300000)
 Metaspace       used 39075K, committed 40000K, reserved 1114112K
  class space    used 3981K, committed 4416K, reserved 1048576K
}
Event: 14.934 GC heap before
{Heap before GC invocations=24 (full 2):
 PSYoungGen      total 22528K, used 20102K [0x00000000d5580000, 0x00000000d6e80000, 0x0000000100000000)
  eden space 19968K, 99% used [0x00000000d5580000,0x00000000d68f9a90,0x00000000d6900000)
  from space 2560K, 6% used [0x00000000d6b00000,0x00000000d6b28000,0x00000000d6d80000)
  to   space 1024K, 0% used [0x00000000d6d80000,0x00000000d6d80000,0x00000000d6e80000)
 ParOldGen       total 68608K, used 33087K [0x0000000080000000, 0x0000000084300000, 0x00000000d5580000)
  object space 68608K, 48% used [0x0000000080000000,0x000000008204fed0,0x0000000084300000)
 Metaspace       used 40964K, committed 41984K, reserved 1114112K
  class space    used 4152K, committed 4608K, reserved 1048576K
}
Event: 14.936 GC heap after
{Heap after GC invocations=24 (full 2):
 PSYoungGen      total 20992K, used 1010K [0x00000000d5580000, 0x00000000d6e80000, 0x0000000100000000)
  eden space 19968K, 0% used [0x00000000d5580000,0x00000000d5580000,0x00000000d6900000)
  from space 1024K, 98% used [0x00000000d6d80000,0x00000000d6e7cbb8,0x00000000d6e80000)
  to   space 1536K, 0% used [0x00000000d6b80000,0x00000000d6b80000,0x00000000d6d00000)
 ParOldGen       total 68608K, used 33916K [0x0000000080000000, 0x0000000084300000, 0x00000000d5580000)
  object space 68608K, 49% used [0x0000000080000000,0x000000008211f3e0,0x0000000084300000)
 Metaspace       used 40964K, committed 41984K, reserved 1114112K
  class space    used 4152K, committed 4608K, reserved 1048576K
}
Event: 15.410 GC heap before
{Heap before GC invocations=25 (full 2):
 PSYoungGen      total 20992K, used 20978K [0x00000000d5580000, 0x00000000d6e80000, 0x0000000100000000)
  eden space 19968K, 100% used [0x00000000d5580000,0x00000000d6900000,0x00000000d6900000)
  from space 1024K, 98% used [0x00000000d6d80000,0x00000000d6e7cbb8,0x00000000d6e80000)
  to   space 1536K, 0% used [0x00000000d6b80000,0x00000000d6b80000,0x00000000d6d00000)
 ParOldGen       total 68608K, used 33916K [0x0000000080000000, 0x0000000084300000, 0x00000000d5580000)
  object space 68608K, 49% used [0x0000000080000000,0x000000008211f3e0,0x0000000084300000)
 Metaspace       used 42204K, committed 43328K, reserved 1114112K
  class space    used 4267K, committed 4736K, reserved 1048576K
}
Event: 15.414 GC heap after
{Heap after GC invocations=25 (full 2):
 PSYoungGen      total 21504K, used 1512K [0x00000000d5580000, 0x00000000d6f00000, 0x0000000100000000)
  eden space 19968K, 0% used [0x00000000d5580000,0x00000000d5580000,0x00000000d6900000)
  from space 1536K, 98% used [0x00000000d6b80000,0x00000000d6cfa3a8,0x00000000d6d00000)
  to   space 2048K, 0% used [0x00000000d6d00000,0x00000000d6d00000,0x00000000d6f00000)
 ParOldGen       total 68608K, used 34857K [0x0000000080000000, 0x0000000084300000, 0x00000000d5580000)
  object space 68608K, 50% used [0x0000000080000000,0x000000008220a4b8,0x0000000084300000)
 Metaspace       used 42204K, committed 43328K, reserved 1114112K
  class space    used 4267K, committed 4736K, reserved 1048576K
}
Event: 15.557 GC heap before
{Heap before GC invocations=26 (full 2):
 PSYoungGen      total 21504K, used 21480K [0x00000000d5580000, 0x00000000d6f00000, 0x0000000100000000)
  eden space 19968K, 100% used [0x00000000d5580000,0x00000000d6900000,0x00000000d6900000)
  from space 1536K, 98% used [0x00000000d6b80000,0x00000000d6cfa3a8,0x00000000d6d00000)
  to   space 2048K, 0% used [0x00000000d6d00000,0x00000000d6d00000,0x00000000d6f00000)
 ParOldGen       total 68608K, used 34857K [0x0000000080000000, 0x0000000084300000, 0x00000000d5580000)
  object space 68608K, 50% used [0x0000000080000000,0x000000008220a4b8,0x0000000084300000)
 Metaspace       used 42349K, committed 43456K, reserved 1114112K
  class space    used 4275K, committed 4736K, reserved 1048576K
}
Event: 15.560 GC heap after
{Heap after GC invocations=26 (full 2):
 PSYoungGen      total 22016K, used 1568K [0x00000000d5580000, 0x00000000d6f00000, 0x0000000100000000)
  eden space 19968K, 0% used [0x00000000d5580000,0x00000000d5580000,0x00000000d6900000)
  from space 2048K, 76% used [0x00000000d6d00000,0x00000000d6e88040,0x00000000d6f00000)
  to   space 2048K, 0% used [0x00000000d6b00000,0x00000000d6b00000,0x00000000d6d00000)
 ParOldGen       total 68608K, used 36358K [0x0000000080000000, 0x0000000084300000, 0x00000000d5580000)
  object space 68608K, 52% used [0x0000000080000000,0x0000000082381b70,0x0000000084300000)
 Metaspace       used 42349K, committed 43456K, reserved 1114112K
  class space    used 4275K, committed 4736K, reserved 1048576K
}
Event: 15.706 GC heap before
{Heap before GC invocations=27 (full 2):
 PSYoungGen      total 22016K, used 21536K [0x00000000d5580000, 0x00000000d6f00000, 0x0000000100000000)
  eden space 19968K, 100% used [0x00000000d5580000,0x00000000d6900000,0x00000000d6900000)
  from space 2048K, 76% used [0x00000000d6d00000,0x00000000d6e88040,0x00000000d6f00000)
  to   space 2048K, 0% used [0x00000000d6b00000,0x00000000d6b00000,0x00000000d6d00000)
 ParOldGen       total 68608K, used 36358K [0x0000000080000000, 0x0000000084300000, 0x00000000d5580000)
  object space 68608K, 52% used [0x0000000080000000,0x0000000082381b70,0x0000000084300000)
 Metaspace       used 42577K, committed 43648K, reserved 1114112K
  class space    used 4288K, committed 4736K, reserved 1048576K
}
Event: 15.709 GC heap after
{Heap after GC invocations=27 (full 2):
 PSYoungGen      total 21504K, used 1280K [0x00000000d5580000, 0x00000000d6d80000, 0x0000000100000000)
  eden space 19968K, 0% used [0x00000000d5580000,0x00000000d5580000,0x00000000d6900000)
  from space 1536K, 83% used [0x00000000d6b00000,0x00000000d6c40040,0x00000000d6c80000)
  to   space 1024K, 0% used [0x00000000d6c80000,0x00000000d6c80000,0x00000000d6d80000)
 ParOldGen       total 68608K, used 37799K [0x0000000080000000, 0x0000000084300000, 0x00000000d5580000)
  object space 68608K, 55% used [0x0000000080000000,0x00000000824e9dc0,0x0000000084300000)
 Metaspace       used 42577K, committed 43648K, reserved 1114112K
  class space    used 4288K, committed 4736K, reserved 1048576K
}
Event: 16.050 GC heap before
{Heap before GC invocations=28 (full 2):
 PSYoungGen      total 21504K, used 21248K [0x00000000d5580000, 0x00000000d6d80000, 0x0000000100000000)
  eden space 19968K, 100% used [0x00000000d5580000,0x00000000d6900000,0x00000000d6900000)
  from space 1536K, 83% used [0x00000000d6b00000,0x00000000d6c40040,0x00000000d6c80000)
  to   space 1024K, 0% used [0x00000000d6c80000,0x00000000d6c80000,0x00000000d6d80000)
 ParOldGen       total 68608K, used 37799K [0x0000000080000000, 0x0000000084300000, 0x00000000d5580000)
  object space 68608K, 55% used [0x0000000080000000,0x00000000824e9dc0,0x0000000084300000)
 Metaspace       used 43403K, committed 44544K, reserved 1114112K
  class space    used 4367K, committed 4864K, reserved 1048576K
}
Event: 16.055 GC heap after
{Heap after GC invocations=28 (full 2):
 PSYoungGen      total 19968K, used 999K [0x00000000d5580000, 0x00000000d7200000, 0x0000000100000000)
  eden space 18944K, 0% used [0x00000000d5580000,0x00000000d5580000,0x00000000d6800000)
  from space 1024K, 97% used [0x00000000d6c80000,0x00000000d6d79cc0,0x00000000d6d80000)
  to   space 4608K, 0% used [0x00000000d6800000,0x00000000d6800000,0x00000000d6c80000)
 ParOldGen       total 68608K, used 40740K [0x0000000080000000, 0x0000000084300000, 0x00000000d5580000)
  object space 68608K, 59% used [0x0000000080000000,0x00000000827c90d0,0x0000000084300000)
 Metaspace       used 43403K, committed 44544K, reserved 1114112K
  class space    used 4367K, committed 4864K, reserved 1048576K
}
Event: 16.409 GC heap before
{Heap before GC invocations=29 (full 2):
 PSYoungGen      total 19968K, used 19943K [0x00000000d5580000, 0x00000000d7200000, 0x0000000100000000)
  eden space 18944K, 100% used [0x00000000d5580000,0x00000000d6800000,0x00000000d6800000)
  from space 1024K, 97% used [0x00000000d6c80000,0x00000000d6d79cc0,0x00000000d6d80000)
  to   space 4608K, 0% used [0x00000000d6800000,0x00000000d6800000,0x00000000d6c80000)
 ParOldGen       total 68608K, used 40740K [0x0000000080000000, 0x0000000084300000, 0x00000000d5580000)
  object space 68608K, 59% used [0x0000000080000000,0x00000000827c90d0,0x0000000084300000)
 Metaspace       used 44040K, committed 45248K, reserved 1114112K
  class space    used 4430K, committed 4992K, reserved 1048576K
}
Event: 16.413 GC heap after
{Heap after GC invocations=29 (full 2):
 PSYoungGen      total 20992K, used 1571K [0x00000000d5580000, 0x00000000d6d00000, 0x0000000100000000)
  eden space 18944K, 0% used [0x00000000d5580000,0x00000000d5580000,0x00000000d6800000)
  from space 2048K, 76% used [0x00000000d6800000,0x00000000d6988cb0,0x00000000d6a00000)
  to   space 2560K, 0% used [0x00000000d6a80000,0x00000000d6a80000,0x00000000d6d00000)
 ParOldGen       total 68608K, used 41759K [0x0000000080000000, 0x0000000084300000, 0x00000000d5580000)
  object space 68608K, 60% used [0x0000000080000000,0x00000000828c7cf0,0x0000000084300000)
 Metaspace       used 44040K, committed 45248K, reserved 1114112K
  class space    used 4430K, committed 4992K, reserved 1048576K
}

